{"/home/vanjason/express-jobly/app.js": {"path":"/home/vanjason/express-jobly/app.js","statementMap":{"0":{"start":{"line":5,"column":16},"end":{"line":5,"column":34}},"1":{"start":{"line":6,"column":13},"end":{"line":6,"column":28}},"2":{"start":{"line":8,"column":26},"end":{"line":8,"column":51}},"3":{"start":{"line":10,"column":28},"end":{"line":10,"column":56}},"4":{"start":{"line":11,"column":19},"end":{"line":11,"column":43}},"5":{"start":{"line":12,"column":24},"end":{"line":12,"column":53}},"6":{"start":{"line":13,"column":20},"end":{"line":13,"column":45}},"7":{"start":{"line":14,"column":19},"end":{"line":14,"column":43}},"8":{"start":{"line":15,"column":15},"end":{"line":15,"column":32}},"9":{"start":{"line":17,"column":12},"end":{"line":17,"column":21}},"10":{"start":{"line":19,"column":0},"end":{"line":19,"column":16}},"11":{"start":{"line":20,"column":0},"end":{"line":20,"column":24}},"12":{"start":{"line":21,"column":0},"end":{"line":21,"column":24}},"13":{"start":{"line":22,"column":0},"end":{"line":22,"column":25}},"14":{"start":{"line":24,"column":0},"end":{"line":24,"column":29}},"15":{"start":{"line":25,"column":0},"end":{"line":25,"column":39}},"16":{"start":{"line":26,"column":0},"end":{"line":26,"column":31}},"17":{"start":{"line":27,"column":0},"end":{"line":27,"column":29}},"18":{"start":{"line":31,"column":0},"end":{"line":33,"column":3}},"19":{"start":{"line":32,"column":2},"end":{"line":32,"column":35}},"20":{"start":{"line":36,"column":0},"end":{"line":44,"column":3}},"21":{"start":{"line":37,"column":2},"end":{"line":37,"column":64}},"22":{"start":{"line":37,"column":39},"end":{"line":37,"column":64}},"23":{"start":{"line":38,"column":17},"end":{"line":38,"column":34}},"24":{"start":{"line":39,"column":18},"end":{"line":39,"column":29}},"25":{"start":{"line":41,"column":2},"end":{"line":43,"column":5}},"26":{"start":{"line":46,"column":0},"end":{"line":46,"column":21}}},"fnMap":{"0":{"name":"(anonymous_0)","decl":{"start":{"line":31,"column":8},"end":{"line":31,"column":9}},"loc":{"start":{"line":31,"column":34},"end":{"line":33,"column":1}},"line":31},"1":{"name":"(anonymous_1)","decl":{"start":{"line":36,"column":8},"end":{"line":36,"column":9}},"loc":{"start":{"line":36,"column":39},"end":{"line":44,"column":1}},"line":36}},"branchMap":{"0":{"loc":{"start":{"line":37,"column":2},"end":{"line":37,"column":64}},"type":"if","locations":[{"start":{"line":37,"column":2},"end":{"line":37,"column":64}},{"start":{},"end":{}}],"line":37},"1":{"loc":{"start":{"line":38,"column":17},"end":{"line":38,"column":34}},"type":"binary-expr","locations":[{"start":{"line":38,"column":17},"end":{"line":38,"column":27}},{"start":{"line":38,"column":31},"end":{"line":38,"column":34}}],"line":38}},"s":{"0":2,"1":2,"2":2,"3":2,"4":2,"5":2,"6":2,"7":2,"8":2,"9":2,"10":2,"11":2,"12":2,"13":2,"14":2,"15":2,"16":2,"17":2,"18":2,"19":1,"20":2,"21":1,"22":0,"23":1,"24":1,"25":1,"26":2},"f":{"0":1,"1":1},"b":{"0":[0,1],"1":[1,0]},"_coverageSchema":"1a1c01bbd47fc00a2c39e90264f33305004495a9","hash":"b9c2f0026c247923ae6c01b5a7c246b10312d570"}
,"/home/vanjason/express-jobly/config.js": {"path":"/home/vanjason/express-jobly/config.js","statementMap":{"0":{"start":{"line":5,"column":0},"end":{"line":5,"column":27}},"1":{"start":{"line":6,"column":0},"end":{"line":6,"column":18}},"2":{"start":{"line":8,"column":19},"end":{"line":8,"column":57}},"3":{"start":{"line":9,"column":16},"end":{"line":9,"column":35}},"4":{"start":{"line":10,"column":14},"end":{"line":10,"column":31}},"5":{"start":{"line":11,"column":13},"end":{"line":11,"column":29}},"6":{"start":{"line":12,"column":16},"end":{"line":12,"column":35}},"7":{"start":{"line":13,"column":16},"end":{"line":13,"column":43}},"8":{"start":{"line":17,"column":2},"end":{"line":19,"column":36}},"9":{"start":{"line":25,"column":27},"end":{"line":25,"column":67}},"10":{"start":{"line":27,"column":0},"end":{"line":27,"column":35}},"11":{"start":{"line":28,"column":0},"end":{"line":28,"column":46}},"12":{"start":{"line":29,"column":0},"end":{"line":29,"column":48}},"13":{"start":{"line":30,"column":0},"end":{"line":30,"column":61}},"14":{"start":{"line":31,"column":0},"end":{"line":31,"column":50}},"15":{"start":{"line":32,"column":0},"end":{"line":32,"column":19}},"16":{"start":{"line":34,"column":0},"end":{"line":43,"column":2}}},"fnMap":{"0":{"name":"getDatabaseUri","decl":{"start":{"line":16,"column":9},"end":{"line":16,"column":23}},"loc":{"start":{"line":16,"column":26},"end":{"line":20,"column":1}},"line":16}},"branchMap":{"0":{"loc":{"start":{"line":8,"column":19},"end":{"line":8,"column":57}},"type":"binary-expr","locations":[{"start":{"line":8,"column":19},"end":{"line":8,"column":41}},{"start":{"line":8,"column":45},"end":{"line":8,"column":57}}],"line":8},"1":{"loc":{"start":{"line":13,"column":16},"end":{"line":13,"column":43}},"type":"binary-expr","locations":[{"start":{"line":13,"column":16},"end":{"line":13,"column":35}},{"start":{"line":13,"column":39},"end":{"line":13,"column":43}}],"line":13},"2":{"loc":{"start":{"line":17,"column":9},"end":{"line":19,"column":35}},"type":"cond-expr","locations":[{"start":{"line":18,"column":6},"end":{"line":18,"column":18}},{"start":{"line":19,"column":6},"end":{"line":19,"column":35}}],"line":17},"3":{"loc":{"start":{"line":19,"column":6},"end":{"line":19,"column":35}},"type":"binary-expr","locations":[{"start":{"line":19,"column":6},"end":{"line":19,"column":24}},{"start":{"line":19,"column":28},"end":{"line":19,"column":35}}],"line":19},"4":{"loc":{"start":{"line":25,"column":27},"end":{"line":25,"column":67}},"type":"cond-expr","locations":[{"start":{"line":25,"column":61},"end":{"line":25,"column":62}},{"start":{"line":25,"column":65},"end":{"line":25,"column":67}}],"line":25}},"s":{"0":5,"1":5,"2":5,"3":5,"4":5,"5":5,"6":5,"7":5,"8":11,"9":5,"10":5,"11":5,"12":5,"13":5,"14":5,"15":5,"16":5},"f":{"0":11},"b":{"0":[5,0],"1":[5,0],"2":[8,3],"3":[3,0],"4":[4,1]},"_coverageSchema":"1a1c01bbd47fc00a2c39e90264f33305004495a9","hash":"6d4ec05e55312a6dc081d5673f3d4ab7f7dcdfb8"}
,"/home/vanjason/express-jobly/db.js": {"path":"/home/vanjason/express-jobly/db.js","statementMap":{"0":{"start":{"line":3,"column":19},"end":{"line":3,"column":32}},"1":{"start":{"line":11,"column":4},"end":{"line":11,"column":23}},"2":{"start":{"line":15,"column":0},"end":{"line":34,"column":1}},"3":{"start":{"line":16,"column":2},"end":{"line":25,"column":5}},"4":{"start":{"line":27,"column":2},"end":{"line":33,"column":5}},"5":{"start":{"line":36,"column":0},"end":{"line":36,"column":13}},"6":{"start":{"line":38,"column":0},"end":{"line":38,"column":20}}},"fnMap":{},"branchMap":{"0":{"loc":{"start":{"line":15,"column":0},"end":{"line":34,"column":1}},"type":"if","locations":[{"start":{"line":15,"column":0},"end":{"line":34,"column":1}},{"start":{"line":26,"column":7},"end":{"line":34,"column":1}}],"line":15}},"s":{"0":3,"1":3,"2":3,"3":0,"4":3,"5":3,"6":3},"f":{},"b":{"0":[0,3]},"_coverageSchema":"1a1c01bbd47fc00a2c39e90264f33305004495a9","hash":"67586cc79100eef5d715d70fc87b1d6eed2fc0ad"}
,"/home/vanjason/express-jobly/expressError.js": {"path":"/home/vanjason/express-jobly/expressError.js","statementMap":{"0":{"start":{"line":9,"column":4},"end":{"line":9,"column":12}},"1":{"start":{"line":10,"column":4},"end":{"line":10,"column":27}},"2":{"start":{"line":11,"column":4},"end":{"line":11,"column":25}},"3":{"start":{"line":19,"column":4},"end":{"line":19,"column":24}},"4":{"start":{"line":27,"column":4},"end":{"line":27,"column":24}},"5":{"start":{"line":35,"column":4},"end":{"line":35,"column":24}},"6":{"start":{"line":43,"column":4},"end":{"line":43,"column":24}},"7":{"start":{"line":47,"column":0},"end":{"line":53,"column":2}}},"fnMap":{"0":{"name":"(anonymous_0)","decl":{"start":{"line":8,"column":2},"end":{"line":8,"column":3}},"loc":{"start":{"line":8,"column":31},"end":{"line":12,"column":3}},"line":8},"1":{"name":"(anonymous_1)","decl":{"start":{"line":18,"column":2},"end":{"line":18,"column":3}},"loc":{"start":{"line":18,"column":37},"end":{"line":20,"column":3}},"line":18},"2":{"name":"(anonymous_2)","decl":{"start":{"line":26,"column":2},"end":{"line":26,"column":3}},"loc":{"start":{"line":26,"column":40},"end":{"line":28,"column":3}},"line":26},"3":{"name":"(anonymous_3)","decl":{"start":{"line":34,"column":2},"end":{"line":34,"column":3}},"loc":{"start":{"line":34,"column":39},"end":{"line":36,"column":3}},"line":34},"4":{"name":"(anonymous_4)","decl":{"start":{"line":42,"column":2},"end":{"line":42,"column":3}},"loc":{"start":{"line":42,"column":39},"end":{"line":44,"column":3}},"line":42}},"branchMap":{"0":{"loc":{"start":{"line":18,"column":14},"end":{"line":18,"column":35}},"type":"default-arg","locations":[{"start":{"line":18,"column":24},"end":{"line":18,"column":35}}],"line":18},"1":{"loc":{"start":{"line":26,"column":14},"end":{"line":26,"column":38}},"type":"default-arg","locations":[{"start":{"line":26,"column":24},"end":{"line":26,"column":38}}],"line":26},"2":{"loc":{"start":{"line":34,"column":14},"end":{"line":34,"column":37}},"type":"default-arg","locations":[{"start":{"line":34,"column":24},"end":{"line":34,"column":37}}],"line":34},"3":{"loc":{"start":{"line":42,"column":14},"end":{"line":42,"column":37}},"type":"default-arg","locations":[{"start":{"line":42,"column":24},"end":{"line":42,"column":37}}],"line":42}},"s":{"0":3,"1":3,"2":3,"3":1,"4":2,"5":0,"6":0,"7":4},"f":{"0":3,"1":1,"2":2,"3":0,"4":0},"b":{"0":[1],"1":[2],"2":[0],"3":[0]},"_coverageSchema":"1a1c01bbd47fc00a2c39e90264f33305004495a9","hash":"1ac46cb74a87580f67e28fcd2e57034c8f7f4d22"}
,"/home/vanjason/express-jobly/helpers/sql.js": {"path":"/home/vanjason/express-jobly/helpers/sql.js","statementMap":{"0":{"start":{"line":1,"column":28},"end":{"line":1,"column":54}},"1":{"start":{"line":10,"column":15},"end":{"line":10,"column":40}},"2":{"start":{"line":11,"column":2},"end":{"line":11,"column":62}},"3":{"start":{"line":11,"column":25},"end":{"line":11,"column":62}},"4":{"start":{"line":17,"column":15},"end":{"line":19,"column":3}},"5":{"start":{"line":18,"column":22},"end":{"line":18,"column":68}},"6":{"start":{"line":21,"column":2},"end":{"line":24,"column":4}},"7":{"start":{"line":27,"column":0},"end":{"line":27,"column":41}}},"fnMap":{"0":{"name":"sqlForPartialUpdate","decl":{"start":{"line":7,"column":9},"end":{"line":7,"column":28}},"loc":{"start":{"line":7,"column":52},"end":{"line":25,"column":1}},"line":7},"1":{"name":"(anonymous_1)","decl":{"start":{"line":18,"column":4},"end":{"line":18,"column":5}},"loc":{"start":{"line":18,"column":22},"end":{"line":18,"column":68}},"line":18}},"branchMap":{"0":{"loc":{"start":{"line":11,"column":2},"end":{"line":11,"column":62}},"type":"if","locations":[{"start":{"line":11,"column":2},"end":{"line":11,"column":62}},{"start":{},"end":{}}],"line":11},"1":{"loc":{"start":{"line":18,"column":26},"end":{"line":18,"column":53}},"type":"binary-expr","locations":[{"start":{"line":18,"column":26},"end":{"line":18,"column":42}},{"start":{"line":18,"column":46},"end":{"line":18,"column":53}}],"line":18}},"s":{"0":3,"1":0,"2":0,"3":0,"4":0,"5":0,"6":0,"7":3},"f":{"0":0,"1":0},"b":{"0":[0,0],"1":[0,0]},"_coverageSchema":"1a1c01bbd47fc00a2c39e90264f33305004495a9","hash":"fee271327dcc7eec854540f89961b83b245aed62"}
,"/home/vanjason/express-jobly/helpers/tokens.js": {"path":"/home/vanjason/express-jobly/helpers/tokens.js","statementMap":{"0":{"start":{"line":1,"column":12},"end":{"line":1,"column":35}},"1":{"start":{"line":2,"column":23},"end":{"line":2,"column":43}},"2":{"start":{"line":7,"column":2},"end":{"line":8,"column":58}},"3":{"start":{"line":10,"column":16},"end":{"line":13,"column":3}},"4":{"start":{"line":15,"column":2},"end":{"line":15,"column":39}},"5":{"start":{"line":18,"column":0},"end":{"line":18,"column":33}}},"fnMap":{"0":{"name":"createToken","decl":{"start":{"line":6,"column":9},"end":{"line":6,"column":20}},"loc":{"start":{"line":6,"column":27},"end":{"line":16,"column":1}},"line":6}},"branchMap":{"0":{"loc":{"start":{"line":12,"column":13},"end":{"line":12,"column":34}},"type":"binary-expr","locations":[{"start":{"line":12,"column":13},"end":{"line":12,"column":25}},{"start":{"line":12,"column":29},"end":{"line":12,"column":34}}],"line":12}},"s":{"0":2,"1":2,"2":4,"3":4,"4":4,"5":2},"f":{"0":4},"b":{"0":[4,2]},"_coverageSchema":"1a1c01bbd47fc00a2c39e90264f33305004495a9","hash":"26c6a95fa36504f2efbb5fa047823120e35ecc61"}
,"/home/vanjason/express-jobly/middleware/auth.js": {"path":"/home/vanjason/express-jobly/middleware/auth.js","statementMap":{"0":{"start":{"line":5,"column":12},"end":{"line":5,"column":35}},"1":{"start":{"line":6,"column":23},"end":{"line":6,"column":43}},"2":{"start":{"line":7,"column":30},"end":{"line":7,"column":56}},"3":{"start":{"line":18,"column":2},"end":{"line":28,"column":3}},"4":{"start":{"line":19,"column":23},"end":{"line":19,"column":63}},"5":{"start":{"line":20,"column":4},"end":{"line":20,"column":60}},"6":{"start":{"line":21,"column":4},"end":{"line":24,"column":5}},"7":{"start":{"line":22,"column":20},"end":{"line":22,"column":64}},"8":{"start":{"line":23,"column":6},"end":{"line":23,"column":54}},"9":{"start":{"line":25,"column":4},"end":{"line":25,"column":18}},"10":{"start":{"line":27,"column":4},"end":{"line":27,"column":18}},"11":{"start":{"line":32,"column":2},"end":{"line":38,"column":3}},"12":{"start":{"line":33,"column":4},"end":{"line":33,"column":50}},"13":{"start":{"line":34,"column":4},"end":{"line":34,"column":56}},"14":{"start":{"line":34,"column":26},"end":{"line":34,"column":56}},"15":{"start":{"line":35,"column":4},"end":{"line":35,"column":18}},"16":{"start":{"line":37,"column":4},"end":{"line":37,"column":21}},"17":{"start":{"line":47,"column":2},"end":{"line":60,"column":3}},"18":{"start":{"line":48,"column":4},"end":{"line":48,"column":63}},"19":{"start":{"line":49,"column":4},"end":{"line":56,"column":5}},"20":{"start":{"line":53,"column":6},"end":{"line":53,"column":20}},"21":{"start":{"line":55,"column":6},"end":{"line":55,"column":36}},"22":{"start":{"line":59,"column":4},"end":{"line":59,"column":41}},"23":{"start":{"line":69,"column":2},"end":{"line":77,"column":3}},"24":{"start":{"line":71,"column":4},"end":{"line":73,"column":5}},"25":{"start":{"line":72,"column":6},"end":{"line":72,"column":36}},"26":{"start":{"line":74,"column":4},"end":{"line":74,"column":18}},"27":{"start":{"line":76,"column":4},"end":{"line":76,"column":41}},"28":{"start":{"line":79,"column":0},"end":{"line":84,"column":2}}},"fnMap":{"0":{"name":"authenticateJWT","decl":{"start":{"line":17,"column":9},"end":{"line":17,"column":24}},"loc":{"start":{"line":17,"column":41},"end":{"line":29,"column":1}},"line":17},"1":{"name":"ensureLoggedIn","decl":{"start":{"line":31,"column":9},"end":{"line":31,"column":23}},"loc":{"start":{"line":31,"column":40},"end":{"line":39,"column":1}},"line":31},"2":{"name":"ensureWhosWho","decl":{"start":{"line":46,"column":9},"end":{"line":46,"column":22}},"loc":{"start":{"line":46,"column":39},"end":{"line":61,"column":1}},"line":46},"3":{"name":"ensureAdmin","decl":{"start":{"line":68,"column":9},"end":{"line":68,"column":20}},"loc":{"start":{"line":68,"column":37},"end":{"line":78,"column":1}},"line":68}},"branchMap":{"0":{"loc":{"start":{"line":19,"column":23},"end":{"line":19,"column":63}},"type":"binary-expr","locations":[{"start":{"line":19,"column":23},"end":{"line":19,"column":34}},{"start":{"line":19,"column":38},"end":{"line":19,"column":63}}],"line":19},"1":{"loc":{"start":{"line":21,"column":4},"end":{"line":24,"column":5}},"type":"if","locations":[{"start":{"line":21,"column":4},"end":{"line":24,"column":5}},{"start":{},"end":{}}],"line":21},"2":{"loc":{"start":{"line":34,"column":4},"end":{"line":34,"column":56}},"type":"if","locations":[{"start":{"line":34,"column":4},"end":{"line":34,"column":56}},{"start":{},"end":{}}],"line":34},"3":{"loc":{"start":{"line":49,"column":4},"end":{"line":56,"column":5}},"type":"if","locations":[{"start":{"line":49,"column":4},"end":{"line":56,"column":5}},{"start":{"line":54,"column":11},"end":{"line":56,"column":5}}],"line":49},"4":{"loc":{"start":{"line":50,"column":6},"end":{"line":51,"column":38}},"type":"binary-expr","locations":[{"start":{"line":50,"column":6},"end":{"line":50,"column":54}},{"start":{"line":51,"column":6},"end":{"line":51,"column":38}}],"line":50},"5":{"loc":{"start":{"line":71,"column":4},"end":{"line":73,"column":5}},"type":"if","locations":[{"start":{"line":71,"column":4},"end":{"line":73,"column":5}},{"start":{},"end":{}}],"line":71},"6":{"loc":{"start":{"line":71,"column":8},"end":{"line":71,"column":70}},"type":"binary-expr","locations":[{"start":{"line":71,"column":8},"end":{"line":71,"column":33}},{"start":{"line":71,"column":37},"end":{"line":71,"column":70}}],"line":71}},"s":{"0":3,"1":3,"2":3,"3":4,"4":4,"5":4,"6":4,"7":2,"8":2,"9":3,"10":1,"11":4,"12":4,"13":4,"14":2,"15":2,"16":2,"17":0,"18":0,"19":0,"20":0,"21":0,"22":0,"23":0,"24":0,"25":0,"26":0,"27":0,"28":3},"f":{"0":4,"1":4,"2":0,"3":0},"b":{"0":[4,3],"1":[2,2],"2":[2,2],"3":[0,0],"4":[0,0],"5":[0,0],"6":[0,0]},"_coverageSchema":"1a1c01bbd47fc00a2c39e90264f33305004495a9","hash":"4c2e5f82609c16ceafd89a329139065e9488140c"}
,"/home/vanjason/express-jobly/models/_testCommon.js": {"path":"/home/vanjason/express-jobly/models/_testCommon.js","statementMap":{"0":{"start":{"line":1,"column":15},"end":{"line":1,"column":32}},"1":{"start":{"line":3,"column":11},"end":{"line":3,"column":30}},"2":{"start":{"line":4,"column":31},"end":{"line":4,"column":51}},"3":{"start":{"line":8,"column":2},"end":{"line":8,"column":42}},"4":{"start":{"line":10,"column":2},"end":{"line":10,"column":38}},"5":{"start":{"line":12,"column":2},"end":{"line":12,"column":37}},"6":{"start":{"line":13,"column":2},"end":{"line":13,"column":77}},"7":{"start":{"line":14,"column":2},"end":{"line":18,"column":55}},"8":{"start":{"line":20,"column":2},"end":{"line":35,"column":4}},"9":{"start":{"line":36,"column":2},"end":{"line":37,"column":71}},"10":{"start":{"line":41,"column":2},"end":{"line":41,"column":26}},"11":{"start":{"line":45,"column":2},"end":{"line":45,"column":29}},"12":{"start":{"line":49,"column":2},"end":{"line":49,"column":17}},"13":{"start":{"line":52,"column":0},"end":{"line":57,"column":2}}},"fnMap":{"0":{"name":"commonBeforeAll","decl":{"start":{"line":6,"column":15},"end":{"line":6,"column":30}},"loc":{"start":{"line":6,"column":33},"end":{"line":38,"column":1}},"line":6},"1":{"name":"commonBeforeEach","decl":{"start":{"line":40,"column":15},"end":{"line":40,"column":31}},"loc":{"start":{"line":40,"column":34},"end":{"line":42,"column":1}},"line":40},"2":{"name":"commonAfterEach","decl":{"start":{"line":44,"column":15},"end":{"line":44,"column":30}},"loc":{"start":{"line":44,"column":33},"end":{"line":46,"column":1}},"line":44},"3":{"name":"commonAfterAll","decl":{"start":{"line":48,"column":15},"end":{"line":48,"column":29}},"loc":{"start":{"line":48,"column":32},"end":{"line":50,"column":1}},"line":48}},"branchMap":{},"s":{"0":1,"1":1,"2":1,"3":1,"4":1,"5":1,"6":1,"7":1,"8":1,"9":1,"10":1,"11":1,"12":1,"13":1},"f":{"0":1,"1":1,"2":1,"3":1},"b":{},"_coverageSchema":"1a1c01bbd47fc00a2c39e90264f33305004495a9","hash":"b1fbd85b3eb1233ee6af1aa7e5249b578b2783c0"}
,"/home/vanjason/express-jobly/models/application.js": {"path":"/home/vanjason/express-jobly/models/application.js","statementMap":{"0":{"start":{"line":3,"column":24},"end":{"line":3,"column":41}},"1":{"start":{"line":4,"column":11},"end":{"line":4,"column":27}},"2":{"start":{"line":5,"column":43},"end":{"line":5,"column":69}},"3":{"start":{"line":6,"column":32},"end":{"line":6,"column":57}},"4":{"start":{"line":21,"column":4},"end":{"line":21,"column":79}},"5":{"start":{"line":22,"column":27},"end":{"line":27,"column":5}},"6":{"start":{"line":29,"column":4},"end":{"line":30,"column":57}},"7":{"start":{"line":30,"column":6},"end":{"line":30,"column":57}},"8":{"start":{"line":32,"column":19},"end":{"line":38,"column":5}},"9":{"start":{"line":39,"column":24},"end":{"line":39,"column":38}},"10":{"start":{"line":41,"column":4},"end":{"line":41,"column":23}},"11":{"start":{"line":45,"column":0},"end":{"line":45,"column":29}}},"fnMap":{"0":{"name":"(anonymous_0)","decl":{"start":{"line":20,"column":2},"end":{"line":20,"column":3}},"loc":{"start":{"line":20,"column":40},"end":{"line":42,"column":3}},"line":20}},"branchMap":{"0":{"loc":{"start":{"line":29,"column":4},"end":{"line":30,"column":57}},"type":"if","locations":[{"start":{"line":29,"column":4},"end":{"line":30,"column":57}},{"start":{},"end":{}}],"line":29}},"s":{"0":3,"1":3,"2":3,"3":3,"4":1,"5":1,"6":1,"7":0,"8":1,"9":0,"10":0,"11":3},"f":{"0":1},"b":{"0":[0,1]},"_coverageSchema":"1a1c01bbd47fc00a2c39e90264f33305004495a9","hash":"8c2bbcec2000079f733655d224f477610a268f71"}
,"/home/vanjason/express-jobly/models/company.js": {"path":"/home/vanjason/express-jobly/models/company.js","statementMap":{"0":{"start":{"line":3,"column":24},"end":{"line":3,"column":41}},"1":{"start":{"line":4,"column":11},"end":{"line":4,"column":27}},"2":{"start":{"line":5,"column":43},"end":{"line":5,"column":69}},"3":{"start":{"line":6,"column":32},"end":{"line":6,"column":57}},"4":{"start":{"line":21,"column":27},"end":{"line":26,"column":5}},"5":{"start":{"line":28,"column":4},"end":{"line":29,"column":64}},"6":{"start":{"line":29,"column":6},"end":{"line":29,"column":64}},"7":{"start":{"line":31,"column":19},"end":{"line":37,"column":5}},"8":{"start":{"line":38,"column":20},"end":{"line":38,"column":34}},"9":{"start":{"line":40,"column":4},"end":{"line":40,"column":19}},"10":{"start":{"line":60,"column":20},"end":{"line":60,"column":22}},"11":{"start":{"line":61,"column":20},"end":{"line":61,"column":22}},"12":{"start":{"line":62,"column":19},"end":{"line":62,"column":21}},"13":{"start":{"line":63,"column":4},"end":{"line":63,"column":42}},"14":{"start":{"line":64,"column":4},"end":{"line":66,"column":5}},"15":{"start":{"line":65,"column":6},"end":{"line":65,"column":53}},"16":{"start":{"line":68,"column":4},"end":{"line":68,"column":21}},"17":{"start":{"line":71,"column":20},"end":{"line":71,"column":22}},"18":{"start":{"line":72,"column":25},"end":{"line":79,"column":5}},"19":{"start":{"line":80,"column":18},"end":{"line":80,"column":20}},"20":{"start":{"line":81,"column":4},"end":{"line":92,"column":5}},"21":{"start":{"line":82,"column":6},"end":{"line":89,"column":9}},"22":{"start":{"line":93,"column":4},"end":{"line":93,"column":21}},"23":{"start":{"line":106,"column":17},"end":{"line":108,"column":5}},"24":{"start":{"line":110,"column":4},"end":{"line":110,"column":21}},"25":{"start":{"line":128,"column":18},"end":{"line":128,"column":20}},"26":{"start":{"line":129,"column":14},"end":{"line":129,"column":16}},"27":{"start":{"line":131,"column":20},"end":{"line":131,"column":22}},"28":{"start":{"line":133,"column":4},"end":{"line":135,"column":5}},"29":{"start":{"line":134,"column":6},"end":{"line":134,"column":60}},"30":{"start":{"line":136,"column":4},"end":{"line":136,"column":31}},"31":{"start":{"line":137,"column":4},"end":{"line":143,"column":31}},"32":{"start":{"line":144,"column":4},"end":{"line":144,"column":42}},"33":{"start":{"line":146,"column":4},"end":{"line":150,"column":5}},"34":{"start":{"line":147,"column":6},"end":{"line":149,"column":8}},"35":{"start":{"line":151,"column":4},"end":{"line":162,"column":5}},"36":{"start":{"line":152,"column":6},"end":{"line":160,"column":30}},"37":{"start":{"line":161,"column":6},"end":{"line":161,"column":60}},"38":{"start":{"line":163,"column":4},"end":{"line":173,"column":5}},"39":{"start":{"line":164,"column":6},"end":{"line":171,"column":31}},"40":{"start":{"line":172,"column":6},"end":{"line":172,"column":52}},"41":{"start":{"line":174,"column":4},"end":{"line":184,"column":5}},"42":{"start":{"line":175,"column":6},"end":{"line":182,"column":30}},"43":{"start":{"line":183,"column":6},"end":{"line":183,"column":52}},"44":{"start":{"line":186,"column":23},"end":{"line":186,"column":54}},"45":{"start":{"line":187,"column":4},"end":{"line":198,"column":5}},"46":{"start":{"line":188,"column":6},"end":{"line":195,"column":9}},"47":{"start":{"line":199,"column":20},"end":{"line":199,"column":29}},"48":{"start":{"line":201,"column":4},"end":{"line":201,"column":69}},"49":{"start":{"line":201,"column":18},"end":{"line":201,"column":69}},"50":{"start":{"line":203,"column":4},"end":{"line":203,"column":19}},"51":{"start":{"line":214,"column":23},"end":{"line":223,"column":5}},"52":{"start":{"line":225,"column":20},"end":{"line":225,"column":38}},"53":{"start":{"line":227,"column":4},"end":{"line":227,"column":67}},"54":{"start":{"line":227,"column":18},"end":{"line":227,"column":67}},"55":{"start":{"line":229,"column":4},"end":{"line":229,"column":19}},"56":{"start":{"line":245,"column":32},"end":{"line":248,"column":6}},"57":{"start":{"line":249,"column":25},"end":{"line":249,"column":50}},"58":{"start":{"line":251,"column":21},"end":{"line":258,"column":54}},"59":{"start":{"line":259,"column":19},"end":{"line":259,"column":64}},"60":{"start":{"line":260,"column":20},"end":{"line":260,"column":34}},"61":{"start":{"line":262,"column":4},"end":{"line":262,"column":67}},"62":{"start":{"line":262,"column":18},"end":{"line":262,"column":67}},"63":{"start":{"line":264,"column":4},"end":{"line":264,"column":19}},"64":{"start":{"line":273,"column":19},"end":{"line":279,"column":5}},"65":{"start":{"line":280,"column":20},"end":{"line":280,"column":34}},"66":{"start":{"line":282,"column":4},"end":{"line":282,"column":67}},"67":{"start":{"line":282,"column":18},"end":{"line":282,"column":67}},"68":{"start":{"line":286,"column":0},"end":{"line":286,"column":25}}},"fnMap":{"0":{"name":"(anonymous_0)","decl":{"start":{"line":20,"column":2},"end":{"line":20,"column":3}},"loc":{"start":{"line":20,"column":76},"end":{"line":41,"column":3}},"line":20},"1":{"name":"(anonymous_1)","decl":{"start":{"line":47,"column":2},"end":{"line":47,"column":3}},"loc":{"start":{"line":47,"column":25},"end":{"line":69,"column":3}},"line":47},"2":{"name":"(anonymous_2)","decl":{"start":{"line":70,"column":2},"end":{"line":70,"column":3}},"loc":{"start":{"line":70,"column":30},"end":{"line":104,"column":3}},"line":70},"3":{"name":"(anonymous_3)","decl":{"start":{"line":105,"column":2},"end":{"line":105,"column":3}},"loc":{"start":{"line":105,"column":35},"end":{"line":111,"column":3}},"line":105},"4":{"name":"(anonymous_4)","decl":{"start":{"line":127,"column":2},"end":{"line":127,"column":3}},"loc":{"start":{"line":127,"column":57},"end":{"line":204,"column":3}},"line":127},"5":{"name":"(anonymous_5)","decl":{"start":{"line":213,"column":2},"end":{"line":213,"column":3}},"loc":{"start":{"line":213,"column":27},"end":{"line":230,"column":3}},"line":213},"6":{"name":"(anonymous_6)","decl":{"start":{"line":244,"column":2},"end":{"line":244,"column":3}},"loc":{"start":{"line":244,"column":36},"end":{"line":265,"column":3}},"line":244},"7":{"name":"(anonymous_7)","decl":{"start":{"line":272,"column":2},"end":{"line":272,"column":3}},"loc":{"start":{"line":272,"column":30},"end":{"line":283,"column":3}},"line":272}},"branchMap":{"0":{"loc":{"start":{"line":28,"column":4},"end":{"line":29,"column":64}},"type":"if","locations":[{"start":{"line":28,"column":4},"end":{"line":29,"column":64}},{"start":{},"end":{}}],"line":28},"1":{"loc":{"start":{"line":133,"column":4},"end":{"line":135,"column":5}},"type":"if","locations":[{"start":{"line":133,"column":4},"end":{"line":135,"column":5}},{"start":{},"end":{}}],"line":133},"2":{"loc":{"start":{"line":146,"column":4},"end":{"line":150,"column":5}},"type":"if","locations":[{"start":{"line":146,"column":4},"end":{"line":150,"column":5}},{"start":{},"end":{}}],"line":146},"3":{"loc":{"start":{"line":151,"column":4},"end":{"line":162,"column":5}},"type":"if","locations":[{"start":{"line":151,"column":4},"end":{"line":162,"column":5}},{"start":{},"end":{}}],"line":151},"4":{"loc":{"start":{"line":151,"column":8},"end":{"line":151,"column":24}},"type":"binary-expr","locations":[{"start":{"line":151,"column":8},"end":{"line":151,"column":14}},{"start":{"line":151,"column":18},"end":{"line":151,"column":24}}],"line":151},"5":{"loc":{"start":{"line":163,"column":4},"end":{"line":173,"column":5}},"type":"if","locations":[{"start":{"line":163,"column":4},"end":{"line":173,"column":5}},{"start":{},"end":{}}],"line":163},"6":{"loc":{"start":{"line":163,"column":8},"end":{"line":163,"column":25}},"type":"binary-expr","locations":[{"start":{"line":163,"column":8},"end":{"line":163,"column":14}},{"start":{"line":163,"column":18},"end":{"line":163,"column":25}}],"line":163},"7":{"loc":{"start":{"line":174,"column":4},"end":{"line":184,"column":5}},"type":"if","locations":[{"start":{"line":174,"column":4},"end":{"line":184,"column":5}},{"start":{},"end":{}}],"line":174},"8":{"loc":{"start":{"line":174,"column":8},"end":{"line":174,"column":25}},"type":"binary-expr","locations":[{"start":{"line":174,"column":8},"end":{"line":174,"column":15}},{"start":{"line":174,"column":19},"end":{"line":174,"column":25}}],"line":174},"9":{"loc":{"start":{"line":201,"column":4},"end":{"line":201,"column":69}},"type":"if","locations":[{"start":{"line":201,"column":4},"end":{"line":201,"column":69}},{"start":{},"end":{}}],"line":201},"10":{"loc":{"start":{"line":227,"column":4},"end":{"line":227,"column":67}},"type":"if","locations":[{"start":{"line":227,"column":4},"end":{"line":227,"column":67}},{"start":{},"end":{}}],"line":227},"11":{"loc":{"start":{"line":262,"column":4},"end":{"line":262,"column":67}},"type":"if","locations":[{"start":{"line":262,"column":4},"end":{"line":262,"column":67}},{"start":{},"end":{}}],"line":262},"12":{"loc":{"start":{"line":282,"column":4},"end":{"line":282,"column":67}},"type":"if","locations":[{"start":{"line":282,"column":4},"end":{"line":282,"column":67}},{"start":{},"end":{}}],"line":282}},"s":{"0":2,"1":2,"2":2,"3":2,"4":4,"5":4,"6":0,"7":4,"8":3,"9":3,"10":0,"11":0,"12":0,"13":0,"14":0,"15":0,"16":0,"17":0,"18":0,"19":0,"20":0,"21":0,"22":0,"23":0,"24":0,"25":0,"26":0,"27":0,"28":0,"29":0,"30":0,"31":0,"32":0,"33":0,"34":0,"35":0,"36":0,"37":0,"38":0,"39":0,"40":0,"41":0,"42":0,"43":0,"44":0,"45":0,"46":0,"47":0,"48":0,"49":0,"50":0,"51":0,"52":0,"53":0,"54":0,"55":0,"56":0,"57":0,"58":0,"59":0,"60":0,"61":0,"62":0,"63":0,"64":0,"65":0,"66":0,"67":0,"68":2},"f":{"0":4,"1":0,"2":0,"3":0,"4":0,"5":0,"6":0,"7":0},"b":{"0":[0,4],"1":[0,0],"2":[0,0],"3":[0,0],"4":[0,0],"5":[0,0],"6":[0,0],"7":[0,0],"8":[0,0],"9":[0,0],"10":[0,0],"11":[0,0],"12":[0,0]},"_coverageSchema":"1a1c01bbd47fc00a2c39e90264f33305004495a9","hash":"c7f4e5db94726d48707b5b5ec27bfb99acaa2e11"}
,"/home/vanjason/express-jobly/models/job.js": {"path":"/home/vanjason/express-jobly/models/job.js","statementMap":{"0":{"start":{"line":3,"column":11},"end":{"line":3,"column":27}},"1":{"start":{"line":4,"column":43},"end":{"line":4,"column":69}},"2":{"start":{"line":18,"column":19},"end":{"line":24,"column":5}},"3":{"start":{"line":25,"column":16},"end":{"line":25,"column":30}},"4":{"start":{"line":27,"column":4},"end":{"line":27,"column":15}},"5":{"start":{"line":36,"column":17},"end":{"line":40,"column":5}},"6":{"start":{"line":41,"column":4},"end":{"line":41,"column":21}},"7":{"start":{"line":58,"column":4},"end":{"line":62,"column":5}},"8":{"start":{"line":59,"column":6},"end":{"line":59,"column":18}},"9":{"start":{"line":61,"column":6},"end":{"line":61,"column":32}},"10":{"start":{"line":63,"column":4},"end":{"line":65,"column":5}},"11":{"start":{"line":64,"column":6},"end":{"line":64,"column":20}},"12":{"start":{"line":66,"column":4},"end":{"line":77,"column":5}},"13":{"start":{"line":67,"column":6},"end":{"line":69,"column":67}},"14":{"start":{"line":70,"column":6},"end":{"line":70,"column":55}},"15":{"start":{"line":71,"column":6},"end":{"line":71,"column":30}},"16":{"start":{"line":73,"column":6},"end":{"line":75,"column":51}},"17":{"start":{"line":76,"column":6},"end":{"line":76,"column":52}},"18":{"start":{"line":78,"column":19},"end":{"line":78,"column":50}},"19":{"start":{"line":79,"column":17},"end":{"line":79,"column":28}},"20":{"start":{"line":81,"column":4},"end":{"line":81,"column":55}},"21":{"start":{"line":81,"column":15},"end":{"line":81,"column":55}},"22":{"start":{"line":83,"column":4},"end":{"line":83,"column":16}},"23":{"start":{"line":94,"column":19},"end":{"line":99,"column":5}},"24":{"start":{"line":101,"column":16},"end":{"line":101,"column":30}},"25":{"start":{"line":103,"column":4},"end":{"line":103,"column":55}},"26":{"start":{"line":103,"column":14},"end":{"line":103,"column":55}},"27":{"start":{"line":105,"column":4},"end":{"line":105,"column":15}},"28":{"start":{"line":121,"column":21},"end":{"line":127,"column":70}},"29":{"start":{"line":128,"column":19},"end":{"line":128,"column":49}},"30":{"start":{"line":129,"column":16},"end":{"line":129,"column":30}},"31":{"start":{"line":131,"column":4},"end":{"line":131,"column":55}},"32":{"start":{"line":131,"column":14},"end":{"line":131,"column":55}},"33":{"start":{"line":133,"column":4},"end":{"line":133,"column":15}},"34":{"start":{"line":142,"column":19},"end":{"line":148,"column":5}},"35":{"start":{"line":149,"column":16},"end":{"line":149,"column":30}},"36":{"start":{"line":151,"column":4},"end":{"line":151,"column":59}},"37":{"start":{"line":151,"column":14},"end":{"line":151,"column":59}},"38":{"start":{"line":155,"column":0},"end":{"line":155,"column":21}}},"fnMap":{"0":{"name":"(anonymous_0)","decl":{"start":{"line":17,"column":2},"end":{"line":17,"column":3}},"loc":{"start":{"line":17,"column":65},"end":{"line":28,"column":3}},"line":17},"1":{"name":"(anonymous_1)","decl":{"start":{"line":35,"column":2},"end":{"line":35,"column":3}},"loc":{"start":{"line":35,"column":25},"end":{"line":42,"column":3}},"line":35},"2":{"name":"(anonymous_2)","decl":{"start":{"line":53,"column":2},"end":{"line":53,"column":3}},"loc":{"start":{"line":53,"column":52},"end":{"line":84,"column":3}},"line":53},"3":{"name":"(anonymous_3)","decl":{"start":{"line":93,"column":2},"end":{"line":93,"column":3}},"loc":{"start":{"line":93,"column":23},"end":{"line":106,"column":3}},"line":93},"4":{"name":"(anonymous_4)","decl":{"start":{"line":120,"column":2},"end":{"line":120,"column":3}},"loc":{"start":{"line":120,"column":32},"end":{"line":134,"column":3}},"line":120},"5":{"name":"(anonymous_5)","decl":{"start":{"line":141,"column":2},"end":{"line":141,"column":3}},"loc":{"start":{"line":141,"column":26},"end":{"line":152,"column":3}},"line":141}},"branchMap":{"0":{"loc":{"start":{"line":58,"column":4},"end":{"line":62,"column":5}},"type":"if","locations":[{"start":{"line":58,"column":4},"end":{"line":62,"column":5}},{"start":{"line":60,"column":11},"end":{"line":62,"column":5}}],"line":58},"1":{"loc":{"start":{"line":63,"column":4},"end":{"line":65,"column":5}},"type":"if","locations":[{"start":{"line":63,"column":4},"end":{"line":65,"column":5}},{"start":{},"end":{}}],"line":63},"2":{"loc":{"start":{"line":66,"column":4},"end":{"line":77,"column":5}},"type":"if","locations":[{"start":{"line":66,"column":4},"end":{"line":77,"column":5}},{"start":{"line":72,"column":11},"end":{"line":77,"column":5}}],"line":66},"3":{"loc":{"start":{"line":81,"column":4},"end":{"line":81,"column":55}},"type":"if","locations":[{"start":{"line":81,"column":4},"end":{"line":81,"column":55}},{"start":{},"end":{}}],"line":81},"4":{"loc":{"start":{"line":103,"column":4},"end":{"line":103,"column":55}},"type":"if","locations":[{"start":{"line":103,"column":4},"end":{"line":103,"column":55}},{"start":{},"end":{}}],"line":103},"5":{"loc":{"start":{"line":131,"column":4},"end":{"line":131,"column":55}},"type":"if","locations":[{"start":{"line":131,"column":4},"end":{"line":131,"column":55}},{"start":{},"end":{}}],"line":131},"6":{"loc":{"start":{"line":151,"column":4},"end":{"line":151,"column":59}},"type":"if","locations":[{"start":{"line":151,"column":4},"end":{"line":151,"column":59}},{"start":{},"end":{}}],"line":151}},"s":{"0":2,"1":2,"2":0,"3":0,"4":0,"5":0,"6":0,"7":0,"8":0,"9":0,"10":0,"11":0,"12":0,"13":0,"14":0,"15":0,"16":0,"17":0,"18":0,"19":0,"20":0,"21":0,"22":0,"23":0,"24":0,"25":0,"26":0,"27":0,"28":0,"29":0,"30":0,"31":0,"32":0,"33":0,"34":0,"35":0,"36":0,"37":0,"38":2},"f":{"0":0,"1":0,"2":0,"3":0,"4":0,"5":0},"b":{"0":[0,0],"1":[0,0],"2":[0,0],"3":[0,0],"4":[0,0],"5":[0,0],"6":[0,0]},"_coverageSchema":"1a1c01bbd47fc00a2c39e90264f33305004495a9","hash":"ac17e1491076ec2a6f59b66ac2d752ca5b69e306"}
,"/home/vanjason/express-jobly/models/user.js": {"path":"/home/vanjason/express-jobly/models/user.js","statementMap":{"0":{"start":{"line":3,"column":11},"end":{"line":3,"column":27}},"1":{"start":{"line":4,"column":15},"end":{"line":4,"column":32}},"2":{"start":{"line":5,"column":32},"end":{"line":5,"column":57}},"3":{"start":{"line":10,"column":4},"end":{"line":10,"column":30}},"4":{"start":{"line":12,"column":31},"end":{"line":12,"column":54}},"5":{"start":{"line":26,"column":19},"end":{"line":36,"column":5}},"6":{"start":{"line":38,"column":17},"end":{"line":38,"column":31}},"7":{"start":{"line":40,"column":4},"end":{"line":47,"column":5}},"8":{"start":{"line":42,"column":22},"end":{"line":42,"column":67}},"9":{"start":{"line":43,"column":6},"end":{"line":46,"column":7}},"10":{"start":{"line":44,"column":8},"end":{"line":44,"column":29}},"11":{"start":{"line":45,"column":8},"end":{"line":45,"column":20}},"12":{"start":{"line":49,"column":4},"end":{"line":49,"column":61}},"13":{"start":{"line":67,"column":27},"end":{"line":72,"column":5}},"14":{"start":{"line":74,"column":4},"end":{"line":76,"column":5}},"15":{"start":{"line":75,"column":6},"end":{"line":75,"column":67}},"16":{"start":{"line":78,"column":27},"end":{"line":78,"column":74}},"17":{"start":{"line":80,"column":19},"end":{"line":91,"column":5}},"18":{"start":{"line":93,"column":17},"end":{"line":93,"column":31}},"19":{"start":{"line":95,"column":4},"end":{"line":95,"column":16}},"20":{"start":{"line":104,"column":20},"end":{"line":104,"column":22}},"21":{"start":{"line":105,"column":19},"end":{"line":113,"column":5}},"22":{"start":{"line":114,"column":4},"end":{"line":123,"column":5}},"23":{"start":{"line":115,"column":6},"end":{"line":122,"column":9}},"24":{"start":{"line":124,"column":4},"end":{"line":124,"column":21}},"25":{"start":{"line":128,"column":20},"end":{"line":132,"column":5}},"26":{"start":{"line":134,"column":4},"end":{"line":134,"column":24}},"27":{"start":{"line":145,"column":20},"end":{"line":145,"column":22}},"28":{"start":{"line":147,"column":20},"end":{"line":156,"column":5}},"29":{"start":{"line":157,"column":4},"end":{"line":166,"column":5}},"30":{"start":{"line":158,"column":6},"end":{"line":165,"column":9}},"31":{"start":{"line":168,"column":17},"end":{"line":168,"column":26}},"32":{"start":{"line":169,"column":4},"end":{"line":169,"column":22}},"33":{"start":{"line":170,"column":4},"end":{"line":170,"column":80}},"34":{"start":{"line":170,"column":32},"end":{"line":170,"column":80}},"35":{"start":{"line":172,"column":4},"end":{"line":172,"column":16}},"36":{"start":{"line":193,"column":4},"end":{"line":195,"column":5}},"37":{"start":{"line":194,"column":6},"end":{"line":194,"column":75}},"38":{"start":{"line":197,"column":32},"end":{"line":201,"column":6}},"39":{"start":{"line":202,"column":27},"end":{"line":202,"column":52}},"40":{"start":{"line":204,"column":21},"end":{"line":211,"column":54}},"41":{"start":{"line":212,"column":19},"end":{"line":212,"column":66}},"42":{"start":{"line":213,"column":17},"end":{"line":213,"column":31}},"43":{"start":{"line":215,"column":4},"end":{"line":215,"column":63}},"44":{"start":{"line":215,"column":15},"end":{"line":215,"column":63}},"45":{"start":{"line":217,"column":4},"end":{"line":217,"column":25}},"46":{"start":{"line":218,"column":4},"end":{"line":218,"column":16}},"47":{"start":{"line":224,"column":17},"end":{"line":230,"column":5}},"48":{"start":{"line":231,"column":17},"end":{"line":231,"column":31}},"49":{"start":{"line":233,"column":4},"end":{"line":233,"column":63}},"50":{"start":{"line":233,"column":15},"end":{"line":233,"column":63}},"51":{"start":{"line":237,"column":0},"end":{"line":237,"column":22}}},"fnMap":{"0":{"name":"(anonymous_0)","decl":{"start":{"line":24,"column":2},"end":{"line":24,"column":3}},"loc":{"start":{"line":24,"column":48},"end":{"line":50,"column":3}},"line":24},"1":{"name":"(anonymous_1)","decl":{"start":{"line":59,"column":2},"end":{"line":59,"column":3}},"loc":{"start":{"line":66,"column":5},"end":{"line":96,"column":3}},"line":66},"2":{"name":"(anonymous_2)","decl":{"start":{"line":103,"column":2},"end":{"line":103,"column":3}},"loc":{"start":{"line":103,"column":25},"end":{"line":125,"column":3}},"line":103},"3":{"name":"(anonymous_3)","decl":{"start":{"line":127,"column":2},"end":{"line":127,"column":3}},"loc":{"start":{"line":127,"column":33},"end":{"line":135,"column":3}},"line":127},"4":{"name":"(anonymous_4)","decl":{"start":{"line":144,"column":2},"end":{"line":144,"column":3}},"loc":{"start":{"line":144,"column":29},"end":{"line":173,"column":3}},"line":144},"5":{"name":"(anonymous_5)","decl":{"start":{"line":192,"column":2},"end":{"line":192,"column":3}},"loc":{"start":{"line":192,"column":38},"end":{"line":219,"column":3}},"line":192},"6":{"name":"(anonymous_6)","decl":{"start":{"line":223,"column":2},"end":{"line":223,"column":3}},"loc":{"start":{"line":223,"column":32},"end":{"line":234,"column":3}},"line":223}},"branchMap":{"0":{"loc":{"start":{"line":40,"column":4},"end":{"line":47,"column":5}},"type":"if","locations":[{"start":{"line":40,"column":4},"end":{"line":47,"column":5}},{"start":{},"end":{}}],"line":40},"1":{"loc":{"start":{"line":43,"column":6},"end":{"line":46,"column":7}},"type":"if","locations":[{"start":{"line":43,"column":6},"end":{"line":46,"column":7}},{"start":{},"end":{}}],"line":43},"2":{"loc":{"start":{"line":74,"column":4},"end":{"line":76,"column":5}},"type":"if","locations":[{"start":{"line":74,"column":4},"end":{"line":76,"column":5}},{"start":{},"end":{}}],"line":74},"3":{"loc":{"start":{"line":170,"column":4},"end":{"line":170,"column":80}},"type":"if","locations":[{"start":{"line":170,"column":4},"end":{"line":170,"column":80}},{"start":{},"end":{}}],"line":170},"4":{"loc":{"start":{"line":193,"column":4},"end":{"line":195,"column":5}},"type":"if","locations":[{"start":{"line":193,"column":4},"end":{"line":195,"column":5}},{"start":{},"end":{}}],"line":193},"5":{"loc":{"start":{"line":215,"column":4},"end":{"line":215,"column":63}},"type":"if","locations":[{"start":{"line":215,"column":4},"end":{"line":215,"column":63}},{"start":{},"end":{}}],"line":215},"6":{"loc":{"start":{"line":233,"column":4},"end":{"line":233,"column":63}},"type":"if","locations":[{"start":{"line":233,"column":4},"end":{"line":233,"column":63}},{"start":{},"end":{}}],"line":233}},"s":{"0":2,"1":2,"2":2,"3":2,"4":2,"5":0,"6":0,"7":0,"8":0,"9":0,"10":0,"11":0,"12":0,"13":3,"14":3,"15":0,"16":3,"17":3,"18":3,"19":3,"20":0,"21":0,"22":0,"23":0,"24":0,"25":0,"26":0,"27":0,"28":0,"29":0,"30":0,"31":0,"32":0,"33":0,"34":0,"35":0,"36":0,"37":0,"38":0,"39":0,"40":0,"41":0,"42":0,"43":0,"44":0,"45":0,"46":0,"47":0,"48":0,"49":0,"50":0,"51":2},"f":{"0":0,"1":3,"2":0,"3":0,"4":0,"5":0,"6":0},"b":{"0":[0,0],"1":[0,0],"2":[0,3],"3":[0,0],"4":[0,0],"5":[0,0],"6":[0,0]},"_coverageSchema":"1a1c01bbd47fc00a2c39e90264f33305004495a9","hash":"5c4d36b0eafd5b2a6d363538c150a050aee01a77"}
,"/home/vanjason/express-jobly/routes/_testCommon.js": {"path":"/home/vanjason/express-jobly/routes/_testCommon.js","statementMap":{"0":{"start":{"line":3,"column":11},"end":{"line":3,"column":30}},"1":{"start":{"line":4,"column":13},"end":{"line":4,"column":38}},"2":{"start":{"line":5,"column":16},"end":{"line":5,"column":44}},"3":{"start":{"line":6,"column":24},"end":{"line":6,"column":52}},"4":{"start":{"line":10,"column":2},"end":{"line":10,"column":38}},"5":{"start":{"line":12,"column":2},"end":{"line":12,"column":42}},"6":{"start":{"line":14,"column":2},"end":{"line":14,"column":37}},"7":{"start":{"line":15,"column":2},"end":{"line":15,"column":77}},"8":{"start":{"line":17,"column":2},"end":{"line":17,"column":45}},"9":{"start":{"line":19,"column":2},"end":{"line":25,"column":5}},"10":{"start":{"line":26,"column":2},"end":{"line":32,"column":5}},"11":{"start":{"line":33,"column":2},"end":{"line":39,"column":5}},"12":{"start":{"line":41,"column":2},"end":{"line":48,"column":5}},"13":{"start":{"line":49,"column":2},"end":{"line":56,"column":5}},"14":{"start":{"line":57,"column":2},"end":{"line":64,"column":5}},"15":{"start":{"line":65,"column":2},"end":{"line":66,"column":55}},"16":{"start":{"line":68,"column":2},"end":{"line":72,"column":4}},"17":{"start":{"line":76,"column":2},"end":{"line":76,"column":26}},"18":{"start":{"line":80,"column":2},"end":{"line":80,"column":29}},"19":{"start":{"line":84,"column":2},"end":{"line":84,"column":17}},"20":{"start":{"line":87,"column":16},"end":{"line":87,"column":62}},"21":{"start":{"line":88,"column":16},"end":{"line":88,"column":63}},"22":{"start":{"line":90,"column":0},"end":{"line":97,"column":2}}},"fnMap":{"0":{"name":"commonBeforeAll","decl":{"start":{"line":8,"column":15},"end":{"line":8,"column":30}},"loc":{"start":{"line":8,"column":33},"end":{"line":73,"column":1}},"line":8},"1":{"name":"commonBeforeEach","decl":{"start":{"line":75,"column":15},"end":{"line":75,"column":31}},"loc":{"start":{"line":75,"column":34},"end":{"line":77,"column":1}},"line":75},"2":{"name":"commonAfterEach","decl":{"start":{"line":79,"column":15},"end":{"line":79,"column":30}},"loc":{"start":{"line":79,"column":33},"end":{"line":81,"column":1}},"line":79},"3":{"name":"commonAfterAll","decl":{"start":{"line":83,"column":15},"end":{"line":83,"column":29}},"loc":{"start":{"line":83,"column":32},"end":{"line":85,"column":1}},"line":83}},"branchMap":{},"s":{"0":2,"1":2,"2":2,"3":2,"4":2,"5":2,"6":2,"7":2,"8":2,"9":2,"10":1,"11":1,"12":1,"13":1,"14":1,"15":1,"16":1,"17":1,"18":17,"19":2,"20":2,"21":2,"22":2},"f":{"0":2,"1":1,"2":17,"3":2},"b":{},"_coverageSchema":"1a1c01bbd47fc00a2c39e90264f33305004495a9","hash":"ad50decd9e4d2c8acdaea5631465f9042f96fdec"}
,"/home/vanjason/express-jobly/routes/auth.js": {"path":"/home/vanjason/express-jobly/routes/auth.js","statementMap":{"0":{"start":{"line":5,"column":19},"end":{"line":5,"column":40}},"1":{"start":{"line":7,"column":13},"end":{"line":7,"column":38}},"2":{"start":{"line":8,"column":16},"end":{"line":8,"column":34}},"3":{"start":{"line":9,"column":15},"end":{"line":9,"column":35}},"4":{"start":{"line":10,"column":24},"end":{"line":10,"column":52}},"5":{"start":{"line":11,"column":23},"end":{"line":11,"column":58}},"6":{"start":{"line":12,"column":27},"end":{"line":12,"column":66}},"7":{"start":{"line":13,"column":28},"end":{"line":13,"column":54}},"8":{"start":{"line":22,"column":0},"end":{"line":37,"column":3}},"9":{"start":{"line":23,"column":2},"end":{"line":36,"column":3}},"10":{"start":{"line":24,"column":22},"end":{"line":24,"column":67}},"11":{"start":{"line":25,"column":4},"end":{"line":28,"column":5}},"12":{"start":{"line":26,"column":19},"end":{"line":26,"column":55}},"13":{"start":{"line":26,"column":47},"end":{"line":26,"column":54}},"14":{"start":{"line":27,"column":6},"end":{"line":27,"column":38}},"15":{"start":{"line":30,"column":35},"end":{"line":30,"column":43}},"16":{"start":{"line":31,"column":17},"end":{"line":31,"column":60}},"17":{"start":{"line":32,"column":18},"end":{"line":32,"column":35}},"18":{"start":{"line":33,"column":4},"end":{"line":33,"column":31}},"19":{"start":{"line":35,"column":4},"end":{"line":35,"column":21}},"20":{"start":{"line":48,"column":0},"end":{"line":62,"column":3}},"21":{"start":{"line":49,"column":2},"end":{"line":61,"column":3}},"22":{"start":{"line":50,"column":22},"end":{"line":50,"column":71}},"23":{"start":{"line":51,"column":4},"end":{"line":54,"column":5}},"24":{"start":{"line":52,"column":19},"end":{"line":52,"column":55}},"25":{"start":{"line":52,"column":47},"end":{"line":52,"column":54}},"26":{"start":{"line":53,"column":6},"end":{"line":53,"column":38}},"27":{"start":{"line":56,"column":20},"end":{"line":56,"column":71}},"28":{"start":{"line":57,"column":18},"end":{"line":57,"column":38}},"29":{"start":{"line":58,"column":4},"end":{"line":58,"column":43}},"30":{"start":{"line":60,"column":4},"end":{"line":60,"column":21}},"31":{"start":{"line":64,"column":0},"end":{"line":64,"column":24}}},"fnMap":{"0":{"name":"(anonymous_0)","decl":{"start":{"line":22,"column":22},"end":{"line":22,"column":23}},"loc":{"start":{"line":22,"column":54},"end":{"line":37,"column":1}},"line":22},"1":{"name":"(anonymous_1)","decl":{"start":{"line":26,"column":40},"end":{"line":26,"column":41}},"loc":{"start":{"line":26,"column":47},"end":{"line":26,"column":54}},"line":26},"2":{"name":"(anonymous_2)","decl":{"start":{"line":48,"column":25},"end":{"line":48,"column":26}},"loc":{"start":{"line":48,"column":57},"end":{"line":62,"column":1}},"line":48},"3":{"name":"(anonymous_3)","decl":{"start":{"line":52,"column":40},"end":{"line":52,"column":41}},"loc":{"start":{"line":52,"column":47},"end":{"line":52,"column":54}},"line":52}},"branchMap":{"0":{"loc":{"start":{"line":25,"column":4},"end":{"line":28,"column":5}},"type":"if","locations":[{"start":{"line":25,"column":4},"end":{"line":28,"column":5}},{"start":{},"end":{}}],"line":25},"1":{"loc":{"start":{"line":51,"column":4},"end":{"line":54,"column":5}},"type":"if","locations":[{"start":{"line":51,"column":4},"end":{"line":54,"column":5}},{"start":{},"end":{}}],"line":51}},"s":{"0":2,"1":2,"2":2,"3":2,"4":2,"5":2,"6":2,"7":2,"8":2,"9":0,"10":0,"11":0,"12":0,"13":0,"14":0,"15":0,"16":0,"17":0,"18":0,"19":0,"20":2,"21":0,"22":0,"23":0,"24":0,"25":0,"26":0,"27":0,"28":0,"29":0,"30":0,"31":2},"f":{"0":0,"1":0,"2":0,"3":0},"b":{"0":[0,0],"1":[0,0]},"_coverageSchema":"1a1c01bbd47fc00a2c39e90264f33305004495a9","hash":"3c04d721283fd215ed6e40e313d1a17202916d43"}
,"/home/vanjason/express-jobly/routes/companies.js": {"path":"/home/vanjason/express-jobly/routes/companies.js","statementMap":{"0":{"start":{"line":5,"column":19},"end":{"line":5,"column":40}},"1":{"start":{"line":6,"column":16},"end":{"line":6,"column":34}},"2":{"start":{"line":8,"column":28},"end":{"line":8,"column":54}},"3":{"start":{"line":9,"column":40},"end":{"line":9,"column":69}},"4":{"start":{"line":10,"column":16},"end":{"line":10,"column":44}},"5":{"start":{"line":12,"column":25},"end":{"line":12,"column":62}},"6":{"start":{"line":13,"column":28},"end":{"line":13,"column":68}},"7":{"start":{"line":14,"column":28},"end":{"line":14,"column":68}},"8":{"start":{"line":16,"column":15},"end":{"line":16,"column":35}},"9":{"start":{"line":27,"column":0},"end":{"line":41,"column":3}},"10":{"start":{"line":28,"column":2},"end":{"line":40,"column":3}},"11":{"start":{"line":29,"column":22},"end":{"line":29,"column":69}},"12":{"start":{"line":30,"column":4},"end":{"line":33,"column":5}},"13":{"start":{"line":31,"column":19},"end":{"line":31,"column":55}},"14":{"start":{"line":31,"column":47},"end":{"line":31,"column":54}},"15":{"start":{"line":32,"column":6},"end":{"line":32,"column":38}},"16":{"start":{"line":35,"column":20},"end":{"line":35,"column":50}},"17":{"start":{"line":37,"column":4},"end":{"line":37,"column":45}},"18":{"start":{"line":39,"column":4},"end":{"line":39,"column":21}},"19":{"start":{"line":54,"column":0},"end":{"line":74,"column":3}},"20":{"start":{"line":55,"column":2},"end":{"line":73,"column":3}},"21":{"start":{"line":56,"column":4},"end":{"line":68,"column":5}},"22":{"start":{"line":57,"column":24},"end":{"line":57,"column":75}},"23":{"start":{"line":58,"column":6},"end":{"line":61,"column":7}},"24":{"start":{"line":59,"column":21},"end":{"line":59,"column":57}},"25":{"start":{"line":59,"column":49},"end":{"line":59,"column":56}},"26":{"start":{"line":60,"column":8},"end":{"line":60,"column":40}},"27":{"start":{"line":62,"column":23},"end":{"line":62,"column":37}},"28":{"start":{"line":63,"column":21},"end":{"line":63,"column":43}},"29":{"start":{"line":64,"column":21},"end":{"line":64,"column":43}},"30":{"start":{"line":65,"column":6},"end":{"line":65,"column":57}},"31":{"start":{"line":66,"column":24},"end":{"line":66,"column":79}},"32":{"start":{"line":67,"column":6},"end":{"line":67,"column":37}},"33":{"start":{"line":69,"column":22},"end":{"line":69,"column":45}},"34":{"start":{"line":70,"column":4},"end":{"line":70,"column":35}},"35":{"start":{"line":72,"column":4},"end":{"line":72,"column":21}},"36":{"start":{"line":84,"column":0},"end":{"line":91,"column":3}},"37":{"start":{"line":85,"column":2},"end":{"line":90,"column":3}},"38":{"start":{"line":86,"column":20},"end":{"line":86,"column":56}},"39":{"start":{"line":87,"column":4},"end":{"line":87,"column":33}},"40":{"start":{"line":89,"column":4},"end":{"line":89,"column":21}},"41":{"start":{"line":104,"column":0},"end":{"line":117,"column":3}},"42":{"start":{"line":105,"column":2},"end":{"line":116,"column":3}},"43":{"start":{"line":106,"column":22},"end":{"line":106,"column":72}},"44":{"start":{"line":107,"column":4},"end":{"line":110,"column":5}},"45":{"start":{"line":108,"column":19},"end":{"line":108,"column":55}},"46":{"start":{"line":108,"column":47},"end":{"line":108,"column":54}},"47":{"start":{"line":109,"column":6},"end":{"line":109,"column":38}},"48":{"start":{"line":112,"column":20},"end":{"line":112,"column":69}},"49":{"start":{"line":113,"column":4},"end":{"line":113,"column":33}},"50":{"start":{"line":115,"column":4},"end":{"line":115,"column":21}},"51":{"start":{"line":124,"column":0},"end":{"line":131,"column":3}},"52":{"start":{"line":125,"column":2},"end":{"line":130,"column":3}},"53":{"start":{"line":126,"column":4},"end":{"line":126,"column":44}},"54":{"start":{"line":127,"column":4},"end":{"line":127,"column":52}},"55":{"start":{"line":129,"column":4},"end":{"line":129,"column":21}},"56":{"start":{"line":133,"column":0},"end":{"line":133,"column":24}}},"fnMap":{"0":{"name":"(anonymous_0)","decl":{"start":{"line":27,"column":30},"end":{"line":27,"column":31}},"loc":{"start":{"line":27,"column":62},"end":{"line":41,"column":1}},"line":27},"1":{"name":"(anonymous_1)","decl":{"start":{"line":31,"column":40},"end":{"line":31,"column":41}},"loc":{"start":{"line":31,"column":47},"end":{"line":31,"column":54}},"line":31},"2":{"name":"(anonymous_2)","decl":{"start":{"line":54,"column":16},"end":{"line":54,"column":17}},"loc":{"start":{"line":54,"column":48},"end":{"line":74,"column":1}},"line":54},"3":{"name":"(anonymous_3)","decl":{"start":{"line":59,"column":42},"end":{"line":59,"column":43}},"loc":{"start":{"line":59,"column":49},"end":{"line":59,"column":56}},"line":59},"4":{"name":"(anonymous_4)","decl":{"start":{"line":84,"column":23},"end":{"line":84,"column":24}},"loc":{"start":{"line":84,"column":55},"end":{"line":91,"column":1}},"line":84},"5":{"name":"(anonymous_5)","decl":{"start":{"line":104,"column":38},"end":{"line":104,"column":39}},"loc":{"start":{"line":104,"column":70},"end":{"line":117,"column":1}},"line":104},"6":{"name":"(anonymous_6)","decl":{"start":{"line":108,"column":40},"end":{"line":108,"column":41}},"loc":{"start":{"line":108,"column":47},"end":{"line":108,"column":54}},"line":108},"7":{"name":"(anonymous_7)","decl":{"start":{"line":124,"column":39},"end":{"line":124,"column":40}},"loc":{"start":{"line":124,"column":71},"end":{"line":131,"column":1}},"line":124}},"branchMap":{"0":{"loc":{"start":{"line":30,"column":4},"end":{"line":33,"column":5}},"type":"if","locations":[{"start":{"line":30,"column":4},"end":{"line":33,"column":5}},{"start":{},"end":{}}],"line":30},"1":{"loc":{"start":{"line":56,"column":4},"end":{"line":68,"column":5}},"type":"if","locations":[{"start":{"line":56,"column":4},"end":{"line":68,"column":5}},{"start":{},"end":{}}],"line":56},"2":{"loc":{"start":{"line":58,"column":6},"end":{"line":61,"column":7}},"type":"if","locations":[{"start":{"line":58,"column":6},"end":{"line":61,"column":7}},{"start":{},"end":{}}],"line":58},"3":{"loc":{"start":{"line":107,"column":4},"end":{"line":110,"column":5}},"type":"if","locations":[{"start":{"line":107,"column":4},"end":{"line":110,"column":5}},{"start":{},"end":{}}],"line":107}},"s":{"0":2,"1":2,"2":2,"3":2,"4":2,"5":2,"6":2,"7":2,"8":2,"9":2,"10":0,"11":0,"12":0,"13":0,"14":0,"15":0,"16":0,"17":0,"18":0,"19":2,"20":0,"21":0,"22":0,"23":0,"24":0,"25":0,"26":0,"27":0,"28":0,"29":0,"30":0,"31":0,"32":0,"33":0,"34":0,"35":0,"36":2,"37":0,"38":0,"39":0,"40":0,"41":2,"42":0,"43":0,"44":0,"45":0,"46":0,"47":0,"48":0,"49":0,"50":0,"51":2,"52":0,"53":0,"54":0,"55":0,"56":2},"f":{"0":0,"1":0,"2":0,"3":0,"4":0,"5":0,"6":0,"7":0},"b":{"0":[0,0],"1":[0,0],"2":[0,0],"3":[0,0]},"_coverageSchema":"1a1c01bbd47fc00a2c39e90264f33305004495a9","hash":"5be9f48747ab0eee68adbdb3074c9dd048a06f51"}
,"/home/vanjason/express-jobly/routes/jobs.js": {"path":"/home/vanjason/express-jobly/routes/jobs.js","statementMap":{"0":{"start":{"line":5,"column":19},"end":{"line":5,"column":40}},"1":{"start":{"line":6,"column":16},"end":{"line":6,"column":34}},"2":{"start":{"line":8,"column":28},"end":{"line":8,"column":54}},"3":{"start":{"line":9,"column":40},"end":{"line":9,"column":69}},"4":{"start":{"line":10,"column":12},"end":{"line":10,"column":36}},"5":{"start":{"line":12,"column":21},"end":{"line":12,"column":54}},"6":{"start":{"line":13,"column":24},"end":{"line":13,"column":60}},"7":{"start":{"line":14,"column":23},"end":{"line":14,"column":47}},"8":{"start":{"line":17,"column":15},"end":{"line":17,"column":35}},"9":{"start":{"line":28,"column":0},"end":{"line":42,"column":3}},"10":{"start":{"line":29,"column":2},"end":{"line":41,"column":3}},"11":{"start":{"line":30,"column":22},"end":{"line":30,"column":65}},"12":{"start":{"line":31,"column":4},"end":{"line":34,"column":5}},"13":{"start":{"line":32,"column":19},"end":{"line":32,"column":55}},"14":{"start":{"line":32,"column":47},"end":{"line":32,"column":54}},"15":{"start":{"line":33,"column":6},"end":{"line":33,"column":38}},"16":{"start":{"line":36,"column":16},"end":{"line":36,"column":42}},"17":{"start":{"line":38,"column":4},"end":{"line":38,"column":41}},"18":{"start":{"line":40,"column":4},"end":{"line":40,"column":21}},"19":{"start":{"line":55,"column":0},"end":{"line":71,"column":3}},"20":{"start":{"line":56,"column":2},"end":{"line":70,"column":3}},"21":{"start":{"line":57,"column":4},"end":{"line":65,"column":5}},"22":{"start":{"line":58,"column":19},"end":{"line":62,"column":7}},"23":{"start":{"line":64,"column":6},"end":{"line":64,"column":32}},"24":{"start":{"line":66,"column":17},"end":{"line":66,"column":36}},"25":{"start":{"line":67,"column":4},"end":{"line":67,"column":30}},"26":{"start":{"line":69,"column":4},"end":{"line":69,"column":21}},"27":{"start":{"line":81,"column":0},"end":{"line":88,"column":3}},"28":{"start":{"line":82,"column":2},"end":{"line":87,"column":3}},"29":{"start":{"line":83,"column":16},"end":{"line":83,"column":44}},"30":{"start":{"line":84,"column":4},"end":{"line":84,"column":29}},"31":{"start":{"line":86,"column":4},"end":{"line":86,"column":21}},"32":{"start":{"line":101,"column":0},"end":{"line":114,"column":3}},"33":{"start":{"line":102,"column":2},"end":{"line":113,"column":3}},"34":{"start":{"line":103,"column":22},"end":{"line":103,"column":68}},"35":{"start":{"line":104,"column":4},"end":{"line":107,"column":5}},"36":{"start":{"line":105,"column":19},"end":{"line":105,"column":55}},"37":{"start":{"line":105,"column":47},"end":{"line":105,"column":54}},"38":{"start":{"line":106,"column":6},"end":{"line":106,"column":38}},"39":{"start":{"line":109,"column":16},"end":{"line":109,"column":57}},"40":{"start":{"line":110,"column":4},"end":{"line":110,"column":29}},"41":{"start":{"line":112,"column":4},"end":{"line":112,"column":21}},"42":{"start":{"line":121,"column":0},"end":{"line":128,"column":3}},"43":{"start":{"line":122,"column":2},"end":{"line":127,"column":3}},"44":{"start":{"line":123,"column":4},"end":{"line":123,"column":36}},"45":{"start":{"line":124,"column":4},"end":{"line":124,"column":48}},"46":{"start":{"line":126,"column":4},"end":{"line":126,"column":21}},"47":{"start":{"line":130,"column":0},"end":{"line":130,"column":24}}},"fnMap":{"0":{"name":"(anonymous_0)","decl":{"start":{"line":28,"column":30},"end":{"line":28,"column":31}},"loc":{"start":{"line":28,"column":62},"end":{"line":42,"column":1}},"line":28},"1":{"name":"(anonymous_1)","decl":{"start":{"line":32,"column":40},"end":{"line":32,"column":41}},"loc":{"start":{"line":32,"column":47},"end":{"line":32,"column":54}},"line":32},"2":{"name":"(anonymous_2)","decl":{"start":{"line":55,"column":16},"end":{"line":55,"column":17}},"loc":{"start":{"line":55,"column":48},"end":{"line":71,"column":1}},"line":55},"3":{"name":"(anonymous_3)","decl":{"start":{"line":81,"column":19},"end":{"line":81,"column":20}},"loc":{"start":{"line":81,"column":51},"end":{"line":88,"column":1}},"line":81},"4":{"name":"(anonymous_4)","decl":{"start":{"line":101,"column":34},"end":{"line":101,"column":35}},"loc":{"start":{"line":101,"column":66},"end":{"line":114,"column":1}},"line":101},"5":{"name":"(anonymous_5)","decl":{"start":{"line":105,"column":40},"end":{"line":105,"column":41}},"loc":{"start":{"line":105,"column":47},"end":{"line":105,"column":54}},"line":105},"6":{"name":"(anonymous_6)","decl":{"start":{"line":121,"column":35},"end":{"line":121,"column":36}},"loc":{"start":{"line":121,"column":67},"end":{"line":128,"column":1}},"line":121}},"branchMap":{"0":{"loc":{"start":{"line":31,"column":4},"end":{"line":34,"column":5}},"type":"if","locations":[{"start":{"line":31,"column":4},"end":{"line":34,"column":5}},{"start":{},"end":{}}],"line":31},"1":{"loc":{"start":{"line":57,"column":4},"end":{"line":65,"column":5}},"type":"if","locations":[{"start":{"line":57,"column":4},"end":{"line":65,"column":5}},{"start":{},"end":{}}],"line":57},"2":{"loc":{"start":{"line":57,"column":8},"end":{"line":57,"column":66}},"type":"binary-expr","locations":[{"start":{"line":57,"column":8},"end":{"line":57,"column":23}},{"start":{"line":57,"column":27},"end":{"line":57,"column":46}},{"start":{"line":57,"column":50},"end":{"line":57,"column":66}}],"line":57},"3":{"loc":{"start":{"line":104,"column":4},"end":{"line":107,"column":5}},"type":"if","locations":[{"start":{"line":104,"column":4},"end":{"line":107,"column":5}},{"start":{},"end":{}}],"line":104}},"s":{"0":2,"1":2,"2":2,"3":2,"4":2,"5":2,"6":2,"7":2,"8":2,"9":2,"10":0,"11":0,"12":0,"13":0,"14":0,"15":0,"16":0,"17":0,"18":0,"19":2,"20":0,"21":0,"22":0,"23":0,"24":0,"25":0,"26":0,"27":2,"28":0,"29":0,"30":0,"31":0,"32":2,"33":0,"34":0,"35":0,"36":0,"37":0,"38":0,"39":0,"40":0,"41":0,"42":2,"43":0,"44":0,"45":0,"46":0,"47":2},"f":{"0":0,"1":0,"2":0,"3":0,"4":0,"5":0,"6":0},"b":{"0":[0,0],"1":[0,0],"2":[0,0,0],"3":[0,0]},"_coverageSchema":"1a1c01bbd47fc00a2c39e90264f33305004495a9","hash":"0a07b4d2671f02036a44241d24de2944298210b1"}
,"/home/vanjason/express-jobly/routes/users.js": {"path":"/home/vanjason/express-jobly/routes/users.js","statementMap":{"0":{"start":{"line":5,"column":19},"end":{"line":5,"column":40}},"1":{"start":{"line":7,"column":16},"end":{"line":7,"column":34}},"2":{"start":{"line":8,"column":39},"end":{"line":8,"column":68}},"3":{"start":{"line":9,"column":28},"end":{"line":9,"column":54}},"4":{"start":{"line":10,"column":13},"end":{"line":10,"column":38}},"5":{"start":{"line":11,"column":20},"end":{"line":11,"column":52}},"6":{"start":{"line":13,"column":24},"end":{"line":13,"column":52}},"7":{"start":{"line":14,"column":22},"end":{"line":14,"column":56}},"8":{"start":{"line":15,"column":25},"end":{"line":15,"column":62}},"9":{"start":{"line":16,"column":29},"end":{"line":16,"column":70}},"10":{"start":{"line":18,"column":15},"end":{"line":18,"column":31}},"11":{"start":{"line":32,"column":0},"end":{"line":47,"column":3}},"12":{"start":{"line":33,"column":2},"end":{"line":46,"column":3}},"13":{"start":{"line":34,"column":22},"end":{"line":34,"column":66}},"14":{"start":{"line":35,"column":4},"end":{"line":38,"column":5}},"15":{"start":{"line":36,"column":19},"end":{"line":36,"column":55}},"16":{"start":{"line":36,"column":47},"end":{"line":36,"column":54}},"17":{"start":{"line":37,"column":6},"end":{"line":37,"column":38}},"18":{"start":{"line":40,"column":17},"end":{"line":40,"column":46}},"19":{"start":{"line":41,"column":18},"end":{"line":41,"column":35}},"20":{"start":{"line":43,"column":4},"end":{"line":43,"column":49}},"21":{"start":{"line":45,"column":4},"end":{"line":45,"column":21}},"22":{"start":{"line":56,"column":0},"end":{"line":63,"column":3}},"23":{"start":{"line":57,"column":2},"end":{"line":62,"column":3}},"24":{"start":{"line":58,"column":18},"end":{"line":58,"column":38}},"25":{"start":{"line":59,"column":4},"end":{"line":59,"column":31}},"26":{"start":{"line":61,"column":4},"end":{"line":61,"column":21}},"27":{"start":{"line":72,"column":0},"end":{"line":79,"column":3}},"28":{"start":{"line":73,"column":2},"end":{"line":78,"column":3}},"29":{"start":{"line":74,"column":17},"end":{"line":74,"column":52}},"30":{"start":{"line":75,"column":4},"end":{"line":75,"column":30}},"31":{"start":{"line":77,"column":4},"end":{"line":77,"column":21}},"32":{"start":{"line":91,"column":0},"end":{"line":104,"column":3}},"33":{"start":{"line":92,"column":2},"end":{"line":103,"column":3}},"34":{"start":{"line":93,"column":22},"end":{"line":93,"column":69}},"35":{"start":{"line":94,"column":4},"end":{"line":97,"column":5}},"36":{"start":{"line":95,"column":19},"end":{"line":95,"column":55}},"37":{"start":{"line":95,"column":47},"end":{"line":95,"column":54}},"38":{"start":{"line":96,"column":6},"end":{"line":96,"column":38}},"39":{"start":{"line":99,"column":17},"end":{"line":99,"column":65}},"40":{"start":{"line":100,"column":4},"end":{"line":100,"column":30}},"41":{"start":{"line":102,"column":4},"end":{"line":102,"column":21}},"42":{"start":{"line":111,"column":0},"end":{"line":118,"column":3}},"43":{"start":{"line":112,"column":2},"end":{"line":117,"column":3}},"44":{"start":{"line":113,"column":4},"end":{"line":113,"column":43}},"45":{"start":{"line":114,"column":4},"end":{"line":114,"column":54}},"46":{"start":{"line":116,"column":4},"end":{"line":116,"column":21}},"47":{"start":{"line":120,"column":0},"end":{"line":145,"column":2}},"48":{"start":{"line":124,"column":13},"end":{"line":124,"column":36}},"49":{"start":{"line":125,"column":19},"end":{"line":125,"column":38}},"50":{"start":{"line":126,"column":4},"end":{"line":143,"column":5}},"51":{"start":{"line":127,"column":24},"end":{"line":130,"column":7}},"52":{"start":{"line":131,"column":6},"end":{"line":134,"column":7}},"53":{"start":{"line":132,"column":21},"end":{"line":132,"column":57}},"54":{"start":{"line":132,"column":49},"end":{"line":132,"column":56}},"55":{"start":{"line":133,"column":8},"end":{"line":133,"column":40}},"56":{"start":{"line":136,"column":6},"end":{"line":136,"column":45}},"57":{"start":{"line":138,"column":6},"end":{"line":140,"column":9}},"58":{"start":{"line":142,"column":6},"end":{"line":142,"column":23}},"59":{"start":{"line":147,"column":0},"end":{"line":147,"column":24}}},"fnMap":{"0":{"name":"(anonymous_0)","decl":{"start":{"line":32,"column":30},"end":{"line":32,"column":31}},"loc":{"start":{"line":32,"column":62},"end":{"line":47,"column":1}},"line":32},"1":{"name":"(anonymous_1)","decl":{"start":{"line":36,"column":40},"end":{"line":36,"column":41}},"loc":{"start":{"line":36,"column":47},"end":{"line":36,"column":54}},"line":36},"2":{"name":"(anonymous_2)","decl":{"start":{"line":56,"column":29},"end":{"line":56,"column":30}},"loc":{"start":{"line":56,"column":61},"end":{"line":63,"column":1}},"line":56},"3":{"name":"(anonymous_3)","decl":{"start":{"line":72,"column":40},"end":{"line":72,"column":41}},"loc":{"start":{"line":72,"column":72},"end":{"line":79,"column":1}},"line":72},"4":{"name":"(anonymous_4)","decl":{"start":{"line":91,"column":42},"end":{"line":91,"column":43}},"loc":{"start":{"line":91,"column":74},"end":{"line":104,"column":1}},"line":91},"5":{"name":"(anonymous_5)","decl":{"start":{"line":95,"column":40},"end":{"line":95,"column":41}},"loc":{"start":{"line":95,"column":47},"end":{"line":95,"column":54}},"line":95},"6":{"name":"(anonymous_6)","decl":{"start":{"line":111,"column":43},"end":{"line":111,"column":44}},"loc":{"start":{"line":111,"column":75},"end":{"line":118,"column":1}},"line":111},"7":{"name":"(anonymous_7)","decl":{"start":{"line":123,"column":2},"end":{"line":123,"column":3}},"loc":{"start":{"line":123,"column":34},"end":{"line":144,"column":3}},"line":123},"8":{"name":"(anonymous_8)","decl":{"start":{"line":132,"column":42},"end":{"line":132,"column":43}},"loc":{"start":{"line":132,"column":49},"end":{"line":132,"column":56}},"line":132}},"branchMap":{"0":{"loc":{"start":{"line":35,"column":4},"end":{"line":38,"column":5}},"type":"if","locations":[{"start":{"line":35,"column":4},"end":{"line":38,"column":5}},{"start":{},"end":{}}],"line":35},"1":{"loc":{"start":{"line":94,"column":4},"end":{"line":97,"column":5}},"type":"if","locations":[{"start":{"line":94,"column":4},"end":{"line":97,"column":5}},{"start":{},"end":{}}],"line":94},"2":{"loc":{"start":{"line":131,"column":6},"end":{"line":134,"column":7}},"type":"if","locations":[{"start":{"line":131,"column":6},"end":{"line":134,"column":7}},{"start":{},"end":{}}],"line":131}},"s":{"0":2,"1":2,"2":2,"3":2,"4":2,"5":2,"6":2,"7":2,"8":2,"9":2,"10":2,"11":2,"12":0,"13":0,"14":0,"15":0,"16":0,"17":0,"18":0,"19":0,"20":0,"21":0,"22":2,"23":0,"24":0,"25":0,"26":0,"27":2,"28":0,"29":0,"30":0,"31":0,"32":2,"33":0,"34":0,"35":0,"36":0,"37":0,"38":0,"39":0,"40":0,"41":0,"42":2,"43":0,"44":0,"45":0,"46":0,"47":2,"48":0,"49":0,"50":0,"51":0,"52":0,"53":0,"54":0,"55":0,"56":0,"57":0,"58":0,"59":2},"f":{"0":0,"1":0,"2":0,"3":0,"4":0,"5":0,"6":0,"7":0,"8":0},"b":{"0":[0,0],"1":[0,0],"2":[0,0]},"_coverageSchema":"1a1c01bbd47fc00a2c39e90264f33305004495a9","hash":"c4e0ec960389c0c34e2a69223b81c2f72481c130"}
}
