TN:
SF:app.js
FN:31,(anonymous_0)
FN:36,(anonymous_1)
FNF:2
FNH:2
FNDA:1,(anonymous_0)
FNDA:1,(anonymous_1)
DA:5,2
DA:6,2
DA:8,2
DA:10,2
DA:11,2
DA:12,2
DA:13,2
DA:14,2
DA:15,2
DA:17,2
DA:19,2
DA:20,2
DA:21,2
DA:22,2
DA:24,2
DA:25,2
DA:26,2
DA:27,2
DA:31,2
DA:32,1
DA:36,2
DA:37,1
DA:38,1
DA:39,1
DA:41,1
DA:46,2
LF:26
LH:26
BRDA:37,0,0,0
BRDA:37,0,1,1
BRDA:38,1,0,1
BRDA:38,1,1,0
BRF:4
BRH:2
end_of_record
TN:
SF:config.js
FN:16,getDatabaseUri
FNF:1
FNH:1
FNDA:11,getDatabaseUri
DA:5,5
DA:6,5
DA:8,5
DA:9,5
DA:10,5
DA:11,5
DA:12,5
DA:13,5
DA:17,11
DA:25,5
DA:27,5
DA:28,5
DA:29,5
DA:30,5
DA:31,5
DA:32,5
DA:34,5
LF:17
LH:17
BRDA:8,0,0,5
BRDA:8,0,1,0
BRDA:13,1,0,5
BRDA:13,1,1,0
BRDA:17,2,0,8
BRDA:17,2,1,3
BRDA:19,3,0,3
BRDA:19,3,1,0
BRDA:25,4,0,4
BRDA:25,4,1,1
BRF:10
BRH:7
end_of_record
TN:
SF:db.js
FNF:0
FNH:0
DA:3,3
DA:11,3
DA:15,3
DA:16,0
DA:27,3
DA:36,3
DA:38,3
LF:7
LH:6
BRDA:15,0,0,0
BRDA:15,0,1,3
BRF:2
BRH:1
end_of_record
TN:
SF:expressError.js
FN:8,(anonymous_0)
FN:18,(anonymous_1)
FN:26,(anonymous_2)
FN:34,(anonymous_3)
FN:42,(anonymous_4)
FNF:5
FNH:3
FNDA:3,(anonymous_0)
FNDA:1,(anonymous_1)
FNDA:2,(anonymous_2)
FNDA:0,(anonymous_3)
FNDA:0,(anonymous_4)
DA:9,3
DA:10,3
DA:11,3
DA:19,1
DA:27,2
DA:35,0
DA:43,0
DA:47,4
LF:8
LH:6
BRDA:18,0,0,1
BRDA:26,1,0,2
BRDA:34,2,0,0
BRDA:42,3,0,0
BRF:4
BRH:2
end_of_record
TN:
SF:helpers/sql.js
FN:7,sqlForPartialUpdate
FN:18,(anonymous_1)
FNF:2
FNH:0
FNDA:0,sqlForPartialUpdate
FNDA:0,(anonymous_1)
DA:1,3
DA:10,0
DA:11,0
DA:17,0
DA:18,0
DA:21,0
DA:27,3
LF:7
LH:2
BRDA:11,0,0,0
BRDA:11,0,1,0
BRDA:18,1,0,0
BRDA:18,1,1,0
BRF:4
BRH:0
end_of_record
TN:
SF:helpers/tokens.js
FN:6,createToken
FNF:1
FNH:1
FNDA:4,createToken
DA:1,2
DA:2,2
DA:7,4
DA:10,4
DA:15,4
DA:18,2
LF:6
LH:6
BRDA:12,0,0,4
BRDA:12,0,1,2
BRF:2
BRH:2
end_of_record
TN:
SF:middleware/auth.js
FN:17,authenticateJWT
FN:31,ensureLoggedIn
FN:46,ensureWhosWho
FN:68,ensureAdmin
FNF:4
FNH:2
FNDA:4,authenticateJWT
FNDA:4,ensureLoggedIn
FNDA:0,ensureWhosWho
FNDA:0,ensureAdmin
DA:5,3
DA:6,3
DA:7,3
DA:18,4
DA:19,4
DA:20,4
DA:21,4
DA:22,2
DA:23,2
DA:25,3
DA:27,1
DA:32,4
DA:33,4
DA:34,4
DA:35,2
DA:37,2
DA:47,0
DA:48,0
DA:49,0
DA:53,0
DA:55,0
DA:59,0
DA:69,0
DA:71,0
DA:72,0
DA:74,0
DA:76,0
DA:79,3
LF:28
LH:17
BRDA:19,0,0,4
BRDA:19,0,1,3
BRDA:21,1,0,2
BRDA:21,1,1,2
BRDA:34,2,0,2
BRDA:34,2,1,2
BRDA:49,3,0,0
BRDA:49,3,1,0
BRDA:50,4,0,0
BRDA:50,4,1,0
BRDA:71,5,0,0
BRDA:71,5,1,0
BRDA:71,6,0,0
BRDA:71,6,1,0
BRF:14
BRH:6
end_of_record
TN:
SF:models/_testCommon.js
FN:6,commonBeforeAll
FN:40,commonBeforeEach
FN:44,commonAfterEach
FN:48,commonAfterAll
FNF:4
FNH:4
FNDA:1,commonBeforeAll
FNDA:1,commonBeforeEach
FNDA:1,commonAfterEach
FNDA:1,commonAfterAll
DA:1,1
DA:3,1
DA:4,1
DA:8,1
DA:10,1
DA:12,1
DA:13,1
DA:14,1
DA:20,1
DA:36,1
DA:41,1
DA:45,1
DA:49,1
DA:52,1
LF:14
LH:14
BRF:0
BRH:0
end_of_record
TN:
SF:models/application.js
FN:20,(anonymous_0)
FNF:1
FNH:1
FNDA:1,(anonymous_0)
DA:3,3
DA:4,3
DA:5,3
DA:6,3
DA:21,1
DA:22,1
DA:29,1
DA:30,0
DA:32,1
DA:39,0
DA:41,0
DA:45,3
LF:12
LH:9
BRDA:29,0,0,0
BRDA:29,0,1,1
BRF:2
BRH:1
end_of_record
TN:
SF:models/company.js
FN:20,(anonymous_0)
FN:47,(anonymous_1)
FN:70,(anonymous_2)
FN:105,(anonymous_3)
FN:127,(anonymous_4)
FN:213,(anonymous_5)
FN:244,(anonymous_6)
FN:272,(anonymous_7)
FNF:8
FNH:1
FNDA:4,(anonymous_0)
FNDA:0,(anonymous_1)
FNDA:0,(anonymous_2)
FNDA:0,(anonymous_3)
FNDA:0,(anonymous_4)
FNDA:0,(anonymous_5)
FNDA:0,(anonymous_6)
FNDA:0,(anonymous_7)
DA:3,2
DA:4,2
DA:5,2
DA:6,2
DA:21,4
DA:28,4
DA:29,0
DA:31,4
DA:38,3
DA:40,3
DA:60,0
DA:61,0
DA:62,0
DA:63,0
DA:64,0
DA:65,0
DA:68,0
DA:71,0
DA:72,0
DA:80,0
DA:81,0
DA:82,0
DA:93,0
DA:106,0
DA:110,0
DA:128,0
DA:129,0
DA:131,0
DA:133,0
DA:134,0
DA:136,0
DA:137,0
DA:144,0
DA:146,0
DA:147,0
DA:151,0
DA:152,0
DA:161,0
DA:163,0
DA:164,0
DA:172,0
DA:174,0
DA:175,0
DA:183,0
DA:186,0
DA:187,0
DA:188,0
DA:199,0
DA:201,0
DA:203,0
DA:214,0
DA:225,0
DA:227,0
DA:229,0
DA:245,0
DA:249,0
DA:251,0
DA:259,0
DA:260,0
DA:262,0
DA:264,0
DA:273,0
DA:280,0
DA:282,0
DA:286,2
LF:65
LH:10
BRDA:28,0,0,0
BRDA:28,0,1,4
BRDA:133,1,0,0
BRDA:133,1,1,0
BRDA:146,2,0,0
BRDA:146,2,1,0
BRDA:151,3,0,0
BRDA:151,3,1,0
BRDA:151,4,0,0
BRDA:151,4,1,0
BRDA:163,5,0,0
BRDA:163,5,1,0
BRDA:163,6,0,0
BRDA:163,6,1,0
BRDA:174,7,0,0
BRDA:174,7,1,0
BRDA:174,8,0,0
BRDA:174,8,1,0
BRDA:201,9,0,0
BRDA:201,9,1,0
BRDA:227,10,0,0
BRDA:227,10,1,0
BRDA:262,11,0,0
BRDA:262,11,1,0
BRDA:282,12,0,0
BRDA:282,12,1,0
BRF:26
BRH:1
end_of_record
TN:
SF:models/job.js
FN:17,(anonymous_0)
FN:35,(anonymous_1)
FN:53,(anonymous_2)
FN:93,(anonymous_3)
FN:120,(anonymous_4)
FN:141,(anonymous_5)
FNF:6
FNH:0
FNDA:0,(anonymous_0)
FNDA:0,(anonymous_1)
FNDA:0,(anonymous_2)
FNDA:0,(anonymous_3)
FNDA:0,(anonymous_4)
FNDA:0,(anonymous_5)
DA:3,2
DA:4,2
DA:18,0
DA:25,0
DA:27,0
DA:36,0
DA:41,0
DA:58,0
DA:59,0
DA:61,0
DA:63,0
DA:64,0
DA:66,0
DA:67,0
DA:70,0
DA:71,0
DA:73,0
DA:76,0
DA:78,0
DA:79,0
DA:81,0
DA:83,0
DA:94,0
DA:101,0
DA:103,0
DA:105,0
DA:121,0
DA:128,0
DA:129,0
DA:131,0
DA:133,0
DA:142,0
DA:149,0
DA:151,0
DA:155,2
LF:35
LH:3
BRDA:58,0,0,0
BRDA:58,0,1,0
BRDA:63,1,0,0
BRDA:63,1,1,0
BRDA:66,2,0,0
BRDA:66,2,1,0
BRDA:81,3,0,0
BRDA:81,3,1,0
BRDA:103,4,0,0
BRDA:103,4,1,0
BRDA:131,5,0,0
BRDA:131,5,1,0
BRDA:151,6,0,0
BRDA:151,6,1,0
BRF:14
BRH:0
end_of_record
TN:
SF:models/user.js
FN:24,(anonymous_0)
FN:59,(anonymous_1)
FN:103,(anonymous_2)
FN:127,(anonymous_3)
FN:144,(anonymous_4)
FN:192,(anonymous_5)
FN:223,(anonymous_6)
FNF:7
FNH:1
FNDA:0,(anonymous_0)
FNDA:3,(anonymous_1)
FNDA:0,(anonymous_2)
FNDA:0,(anonymous_3)
FNDA:0,(anonymous_4)
FNDA:0,(anonymous_5)
FNDA:0,(anonymous_6)
DA:3,2
DA:4,2
DA:5,2
DA:10,2
DA:12,2
DA:26,0
DA:38,0
DA:40,0
DA:42,0
DA:43,0
DA:44,0
DA:45,0
DA:49,0
DA:67,3
DA:74,3
DA:75,0
DA:78,3
DA:80,3
DA:93,3
DA:95,3
DA:104,0
DA:105,0
DA:114,0
DA:115,0
DA:124,0
DA:128,0
DA:134,0
DA:145,0
DA:147,0
DA:157,0
DA:158,0
DA:168,0
DA:169,0
DA:170,0
DA:172,0
DA:193,0
DA:194,0
DA:197,0
DA:202,0
DA:204,0
DA:212,0
DA:213,0
DA:215,0
DA:217,0
DA:218,0
DA:224,0
DA:231,0
DA:233,0
DA:237,2
LF:49
LH:12
BRDA:40,0,0,0
BRDA:40,0,1,0
BRDA:43,1,0,0
BRDA:43,1,1,0
BRDA:74,2,0,0
BRDA:74,2,1,3
BRDA:170,3,0,0
BRDA:170,3,1,0
BRDA:193,4,0,0
BRDA:193,4,1,0
BRDA:215,5,0,0
BRDA:215,5,1,0
BRDA:233,6,0,0
BRDA:233,6,1,0
BRF:14
BRH:1
end_of_record
TN:
SF:routes/_testCommon.js
FN:8,commonBeforeAll
FN:75,commonBeforeEach
FN:79,commonAfterEach
FN:83,commonAfterAll
FNF:4
FNH:4
FNDA:2,commonBeforeAll
FNDA:1,commonBeforeEach
FNDA:17,commonAfterEach
FNDA:2,commonAfterAll
DA:3,2
DA:4,2
DA:5,2
DA:6,2
DA:10,2
DA:12,2
DA:14,2
DA:15,2
DA:17,2
DA:19,2
DA:26,1
DA:33,1
DA:41,1
DA:49,1
DA:57,1
DA:65,1
DA:68,1
DA:76,1
DA:80,17
DA:84,2
DA:87,2
DA:88,2
DA:90,2
LF:23
LH:23
BRF:0
BRH:0
end_of_record
TN:
SF:routes/auth.js
FN:22,(anonymous_0)
FN:26,(anonymous_1)
FN:48,(anonymous_2)
FN:52,(anonymous_3)
FNF:4
FNH:0
FNDA:0,(anonymous_0)
FNDA:0,(anonymous_1)
FNDA:0,(anonymous_2)
FNDA:0,(anonymous_3)
DA:5,2
DA:7,2
DA:8,2
DA:9,2
DA:10,2
DA:11,2
DA:12,2
DA:13,2
DA:22,2
DA:23,0
DA:24,0
DA:25,0
DA:26,0
DA:27,0
DA:30,0
DA:31,0
DA:32,0
DA:33,0
DA:35,0
DA:48,2
DA:49,0
DA:50,0
DA:51,0
DA:52,0
DA:53,0
DA:56,0
DA:57,0
DA:58,0
DA:60,0
DA:64,2
LF:30
LH:11
BRDA:25,0,0,0
BRDA:25,0,1,0
BRDA:51,1,0,0
BRDA:51,1,1,0
BRF:4
BRH:0
end_of_record
TN:
SF:routes/companies.js
FN:27,(anonymous_0)
FN:31,(anonymous_1)
FN:54,(anonymous_2)
FN:59,(anonymous_3)
FN:84,(anonymous_4)
FN:104,(anonymous_5)
FN:108,(anonymous_6)
FN:124,(anonymous_7)
FNF:8
FNH:0
FNDA:0,(anonymous_0)
FNDA:0,(anonymous_1)
FNDA:0,(anonymous_2)
FNDA:0,(anonymous_3)
FNDA:0,(anonymous_4)
FNDA:0,(anonymous_5)
FNDA:0,(anonymous_6)
FNDA:0,(anonymous_7)
DA:5,2
DA:6,2
DA:8,2
DA:9,2
DA:10,2
DA:12,2
DA:13,2
DA:14,2
DA:16,2
DA:27,2
DA:28,0
DA:29,0
DA:30,0
DA:31,0
DA:32,0
DA:35,0
DA:37,0
DA:39,0
DA:54,2
DA:55,0
DA:56,0
DA:57,0
DA:58,0
DA:59,0
DA:60,0
DA:62,0
DA:63,0
DA:64,0
DA:65,0
DA:66,0
DA:67,0
DA:69,0
DA:70,0
DA:72,0
DA:84,2
DA:85,0
DA:86,0
DA:87,0
DA:89,0
DA:104,2
DA:105,0
DA:106,0
DA:107,0
DA:108,0
DA:109,0
DA:112,0
DA:113,0
DA:115,0
DA:124,2
DA:125,0
DA:126,0
DA:127,0
DA:129,0
DA:133,2
LF:54
LH:15
BRDA:30,0,0,0
BRDA:30,0,1,0
BRDA:56,1,0,0
BRDA:56,1,1,0
BRDA:58,2,0,0
BRDA:58,2,1,0
BRDA:107,3,0,0
BRDA:107,3,1,0
BRF:8
BRH:0
end_of_record
TN:
SF:routes/jobs.js
FN:28,(anonymous_0)
FN:32,(anonymous_1)
FN:55,(anonymous_2)
FN:81,(anonymous_3)
FN:101,(anonymous_4)
FN:105,(anonymous_5)
FN:121,(anonymous_6)
FNF:7
FNH:0
FNDA:0,(anonymous_0)
FNDA:0,(anonymous_1)
FNDA:0,(anonymous_2)
FNDA:0,(anonymous_3)
FNDA:0,(anonymous_4)
FNDA:0,(anonymous_5)
FNDA:0,(anonymous_6)
DA:5,2
DA:6,2
DA:8,2
DA:9,2
DA:10,2
DA:12,2
DA:13,2
DA:14,2
DA:17,2
DA:28,2
DA:29,0
DA:30,0
DA:31,0
DA:32,0
DA:33,0
DA:36,0
DA:38,0
DA:40,0
DA:55,2
DA:56,0
DA:57,0
DA:58,0
DA:64,0
DA:66,0
DA:67,0
DA:69,0
DA:81,2
DA:82,0
DA:83,0
DA:84,0
DA:86,0
DA:101,2
DA:102,0
DA:103,0
DA:104,0
DA:105,0
DA:106,0
DA:109,0
DA:110,0
DA:112,0
DA:121,2
DA:122,0
DA:123,0
DA:124,0
DA:126,0
DA:130,2
LF:46
LH:15
BRDA:31,0,0,0
BRDA:31,0,1,0
BRDA:57,1,0,0
BRDA:57,1,1,0
BRDA:57,2,0,0
BRDA:57,2,1,0
BRDA:57,2,2,0
BRDA:104,3,0,0
BRDA:104,3,1,0
BRF:9
BRH:0
end_of_record
TN:
SF:routes/users.js
FN:32,(anonymous_0)
FN:36,(anonymous_1)
FN:56,(anonymous_2)
FN:72,(anonymous_3)
FN:91,(anonymous_4)
FN:95,(anonymous_5)
FN:111,(anonymous_6)
FN:123,(anonymous_7)
FN:132,(anonymous_8)
FNF:9
FNH:0
FNDA:0,(anonymous_0)
FNDA:0,(anonymous_1)
FNDA:0,(anonymous_2)
FNDA:0,(anonymous_3)
FNDA:0,(anonymous_4)
FNDA:0,(anonymous_5)
FNDA:0,(anonymous_6)
FNDA:0,(anonymous_7)
FNDA:0,(anonymous_8)
DA:5,2
DA:7,2
DA:8,2
DA:9,2
DA:10,2
DA:11,2
DA:13,2
DA:14,2
DA:15,2
DA:16,2
DA:18,2
DA:32,2
DA:33,0
DA:34,0
DA:35,0
DA:36,0
DA:37,0
DA:40,0
DA:41,0
DA:43,0
DA:45,0
DA:56,2
DA:57,0
DA:58,0
DA:59,0
DA:61,0
DA:72,2
DA:73,0
DA:74,0
DA:75,0
DA:77,0
DA:91,2
DA:92,0
DA:93,0
DA:94,0
DA:95,0
DA:96,0
DA:99,0
DA:100,0
DA:102,0
DA:111,2
DA:112,0
DA:113,0
DA:114,0
DA:116,0
DA:120,2
DA:124,0
DA:125,0
DA:126,0
DA:127,0
DA:131,0
DA:132,0
DA:133,0
DA:136,0
DA:138,0
DA:142,0
DA:147,2
LF:57
LH:18
BRDA:35,0,0,0
BRDA:35,0,1,0
BRDA:94,1,0,0
BRDA:94,1,1,0
BRDA:131,2,0,0
BRDA:131,2,1,0
BRF:6
BRH:0
end_of_record
